<?xml version="1.0" encoding="UTF-8"?>
<testsuite xmlns:xsi="http://www.w3.org/2001/XMLSchema-instance" xsi:noNamespaceSchemaLocation="https://maven.apache.org/surefire/maven-surefire-plugin/xsd/surefire-test-report-3.0.xsd" version="3.0" name="com.app.quantitymeasurement.repository.QuantityMeasurementDatabaseRepositoryTest" time="0.073" tests="10" errors="0" skipped="0" failures="0">
  <properties>
[...]
</properties>
  <testcase name="testSaveAndRetrieveAll" classname="com.app.quantitymeasurement.repository.QuantityMeasurementDatabaseRepositoryTest" time="0.004">
    <system-out><![CDATA[11:06:04.359 [main] INFO  c.a.q.u.ConnectionPool -- ConnectionPool initialised with 3 connections to jdbc:h2:mem:testdb_repo;DB_CLOSE_DELAY=-1;MODE=MySQL
11:06:04.363 [main] INFO  c.a.q.r.QuantityMeasurementDatabaseRepository -- Database schema initialised successfully
11:06:04.363 [main] INFO  c.a.q.r.QuantityMeasurementDatabaseRepository -- QuantityMeasurementDatabaseRepository initialised
11:06:04.363 [main] INFO  c.a.q.r.QuantityMeasurementDatabaseRepository -- All measurements deleted from database
11:06:04.367 [main] INFO  c.a.q.r.QuantityMeasurementDatabaseRepository -- All measurements deleted from database
11:06:04.367 [main] INFO  c.a.q.u.ConnectionPool -- ConnectionPool closed — all connections released
11:06:04.367 [main] INFO  c.a.q.r.QuantityMeasurementDatabaseRepository -- ConnectionPool resources released
11:06:04.367 [main] INFO  c.a.q.u.ConnectionPool -- ConnectionPool closed — all connections released
]]></system-out>
  </testcase>
  <testcase name="testSaveMultipleEntities" classname="com.app.quantitymeasurement.repository.QuantityMeasurementDatabaseRepositoryTest" time="0.002">
    <system-out><![CDATA[11:06:04.369 [main] INFO  c.a.q.u.ConnectionPool -- ConnectionPool initialised with 3 connections to jdbc:h2:mem:testdb_repo;DB_CLOSE_DELAY=-1;MODE=MySQL
11:06:04.370 [main] INFO  c.a.q.r.QuantityMeasurementDatabaseRepository -- Database schema initialised successfully
11:06:04.371 [main] INFO  c.a.q.r.QuantityMeasurementDatabaseRepository -- QuantityMeasurementDatabaseRepository initialised
11:06:04.371 [main] INFO  c.a.q.r.QuantityMeasurementDatabaseRepository -- All measurements deleted from database
11:06:04.374 [main] INFO  c.a.q.r.QuantityMeasurementDatabaseRepository -- All measurements deleted from database
11:06:04.375 [main] INFO  c.a.q.u.ConnectionPool -- ConnectionPool closed — all connections released
11:06:04.375 [main] INFO  c.a.q.r.QuantityMeasurementDatabaseRepository -- ConnectionPool resources released
11:06:04.375 [main] INFO  c.a.q.u.ConnectionPool -- ConnectionPool closed — all connections released
]]></system-out>
  </testcase>
  <testcase name="testGetMeasurementsByType" classname="com.app.quantitymeasurement.repository.QuantityMeasurementDatabaseRepositoryTest" time="0.002">
    <system-out><![CDATA[11:06:04.377 [main] INFO  c.a.q.u.ConnectionPool -- ConnectionPool initialised with 3 connections to jdbc:h2:mem:testdb_repo;DB_CLOSE_DELAY=-1;MODE=MySQL
11:06:04.378 [main] INFO  c.a.q.r.QuantityMeasurementDatabaseRepository -- Database schema initialised successfully
11:06:04.378 [main] INFO  c.a.q.r.QuantityMeasurementDatabaseRepository -- QuantityMeasurementDatabaseRepository initialised
11:06:04.378 [main] INFO  c.a.q.r.QuantityMeasurementDatabaseRepository -- All measurements deleted from database
11:06:04.384 [main] INFO  c.a.q.r.QuantityMeasurementDatabaseRepository -- All measurements deleted from database
11:06:04.384 [main] INFO  c.a.q.u.ConnectionPool -- ConnectionPool closed — all connections released
11:06:04.384 [main] INFO  c.a.q.r.QuantityMeasurementDatabaseRepository -- ConnectionPool resources released
11:06:04.384 [main] INFO  c.a.q.u.ConnectionPool -- ConnectionPool closed — all connections released
]]></system-out>
  </testcase>
  <testcase name="testSqlInjectionPrevention" classname="com.app.quantitymeasurement.repository.QuantityMeasurementDatabaseRepositoryTest" time="0.009">
    <system-out><![CDATA[11:06:04.388 [main] INFO  c.a.q.u.ConnectionPool -- ConnectionPool initialised with 3 connections to jdbc:h2:mem:testdb_repo;DB_CLOSE_DELAY=-1;MODE=MySQL
11:06:04.389 [main] INFO  c.a.q.r.QuantityMeasurementDatabaseRepository -- Database schema initialised successfully
11:06:04.389 [main] INFO  c.a.q.r.QuantityMeasurementDatabaseRepository -- QuantityMeasurementDatabaseRepository initialised
11:06:04.389 [main] INFO  c.a.q.r.QuantityMeasurementDatabaseRepository -- All measurements deleted from database
11:06:04.392 [main] INFO  c.a.q.r.QuantityMeasurementDatabaseRepository -- All measurements deleted from database
11:06:04.392 [main] INFO  c.a.q.u.ConnectionPool -- ConnectionPool closed — all connections released
11:06:04.392 [main] INFO  c.a.q.r.QuantityMeasurementDatabaseRepository -- ConnectionPool resources released
11:06:04.392 [main] INFO  c.a.q.u.ConnectionPool -- ConnectionPool closed — all connections released
]]></system-out>
  </testcase>
  <testcase name="testSaveErrorEntity" classname="com.app.quantitymeasurement.repository.QuantityMeasurementDatabaseRepositoryTest" time="0.005">
    <system-out><![CDATA[11:06:04.393 [main] INFO  c.a.q.u.ConnectionPool -- ConnectionPool initialised with 3 connections to jdbc:h2:mem:testdb_repo;DB_CLOSE_DELAY=-1;MODE=MySQL
11:06:04.394 [main] INFO  c.a.q.r.QuantityMeasurementDatabaseRepository -- Database schema initialised successfully
11:06:04.394 [main] INFO  c.a.q.r.QuantityMeasurementDatabaseRepository -- QuantityMeasurementDatabaseRepository initialised
11:06:04.394 [main] INFO  c.a.q.r.QuantityMeasurementDatabaseRepository -- All measurements deleted from database
11:06:04.397 [main] INFO  c.a.q.r.QuantityMeasurementDatabaseRepository -- All measurements deleted from database
11:06:04.398 [main] INFO  c.a.q.u.ConnectionPool -- ConnectionPool closed — all connections released
11:06:04.398 [main] INFO  c.a.q.r.QuantityMeasurementDatabaseRepository -- ConnectionPool resources released
11:06:04.398 [main] INFO  c.a.q.u.ConnectionPool -- ConnectionPool closed — all connections released
]]></system-out>
  </testcase>
  <testcase name="testGetMeasurementsByOperation" classname="com.app.quantitymeasurement.repository.QuantityMeasurementDatabaseRepositoryTest" time="0.002">
    <system-out><![CDATA[11:06:04.400 [main] INFO  c.a.q.u.ConnectionPool -- ConnectionPool initialised with 3 connections to jdbc:h2:mem:testdb_repo;DB_CLOSE_DELAY=-1;MODE=MySQL
11:06:04.400 [main] INFO  c.a.q.r.QuantityMeasurementDatabaseRepository -- Database schema initialised successfully
11:06:04.400 [main] INFO  c.a.q.r.QuantityMeasurementDatabaseRepository -- QuantityMeasurementDatabaseRepository initialised
11:06:04.401 [main] INFO  c.a.q.r.QuantityMeasurementDatabaseRepository -- All measurements deleted from database
11:06:04.403 [main] INFO  c.a.q.r.QuantityMeasurementDatabaseRepository -- All measurements deleted from database
11:06:04.403 [main] INFO  c.a.q.u.ConnectionPool -- ConnectionPool closed — all connections released
11:06:04.403 [main] INFO  c.a.q.r.QuantityMeasurementDatabaseRepository -- ConnectionPool resources released
11:06:04.403 [main] INFO  c.a.q.u.ConnectionPool -- ConnectionPool closed — all connections released
]]></system-out>
  </testcase>
  <testcase name="testDeleteAll" classname="com.app.quantitymeasurement.repository.QuantityMeasurementDatabaseRepositoryTest" time="0.011">
    <system-out><![CDATA[11:06:04.411 [main] INFO  c.a.q.u.ConnectionPool -- ConnectionPool initialised with 3 connections to jdbc:h2:mem:testdb_repo;DB_CLOSE_DELAY=-1;MODE=MySQL
11:06:04.412 [main] INFO  c.a.q.r.QuantityMeasurementDatabaseRepository -- Database schema initialised successfully
11:06:04.412 [main] INFO  c.a.q.r.QuantityMeasurementDatabaseRepository -- QuantityMeasurementDatabaseRepository initialised
11:06:04.413 [main] INFO  c.a.q.r.QuantityMeasurementDatabaseRepository -- All measurements deleted from database
11:06:04.415 [main] INFO  c.a.q.r.QuantityMeasurementDatabaseRepository -- All measurements deleted from database
11:06:04.416 [main] INFO  c.a.q.r.QuantityMeasurementDatabaseRepository -- All measurements deleted from database
11:06:04.416 [main] INFO  c.a.q.u.ConnectionPool -- ConnectionPool closed — all connections released
11:06:04.416 [main] INFO  c.a.q.r.QuantityMeasurementDatabaseRepository -- ConnectionPool resources released
11:06:04.416 [main] INFO  c.a.q.u.ConnectionPool -- ConnectionPool closed — all connections released
]]></system-out>
  </testcase>
  <testcase name="testGetTotalCount_AfterSaves" classname="com.app.quantitymeasurement.repository.QuantityMeasurementDatabaseRepositoryTest" time="0.01">
    <system-out><![CDATA[11:06:04.418 [main] INFO  c.a.q.u.ConnectionPool -- ConnectionPool initialised with 3 connections to jdbc:h2:mem:testdb_repo;DB_CLOSE_DELAY=-1;MODE=MySQL
11:06:04.419 [main] INFO  c.a.q.r.QuantityMeasurementDatabaseRepository -- Database schema initialised successfully
11:06:04.419 [main] INFO  c.a.q.r.QuantityMeasurementDatabaseRepository -- QuantityMeasurementDatabaseRepository initialised
11:06:04.419 [main] INFO  c.a.q.r.QuantityMeasurementDatabaseRepository -- All measurements deleted from database
11:06:04.425 [main] INFO  c.a.q.r.QuantityMeasurementDatabaseRepository -- All measurements deleted from database
11:06:04.426 [main] INFO  c.a.q.u.ConnectionPool -- ConnectionPool closed — all connections released
11:06:04.426 [main] INFO  c.a.q.r.QuantityMeasurementDatabaseRepository -- ConnectionPool resources released
11:06:04.427 [main] INFO  c.a.q.u.ConnectionPool -- ConnectionPool closed — all connections released
]]></system-out>
  </testcase>
  <testcase name="testGetPoolStatistics" classname="com.app.quantitymeasurement.repository.QuantityMeasurementDatabaseRepositoryTest" time="0.011">
    <system-out><![CDATA[11:06:04.430 [main] INFO  c.a.q.u.ConnectionPool -- ConnectionPool initialised with 3 connections to jdbc:h2:mem:testdb_repo;DB_CLOSE_DELAY=-1;MODE=MySQL
11:06:04.431 [main] INFO  c.a.q.r.QuantityMeasurementDatabaseRepository -- Database schema initialised successfully
11:06:04.432 [main] INFO  c.a.q.r.QuantityMeasurementDatabaseRepository -- QuantityMeasurementDatabaseRepository initialised
11:06:04.432 [main] INFO  c.a.q.r.QuantityMeasurementDatabaseRepository -- All measurements deleted from database
11:06:04.432 [main] INFO  c.a.q.r.QuantityMeasurementDatabaseRepository -- All measurements deleted from database
11:06:04.433 [main] INFO  c.a.q.u.ConnectionPool -- ConnectionPool closed — all connections released
11:06:04.433 [main] INFO  c.a.q.r.QuantityMeasurementDatabaseRepository -- ConnectionPool resources released
11:06:04.433 [main] INFO  c.a.q.u.ConnectionPool -- ConnectionPool closed — all connections released
]]></system-out>
  </testcase>
  <testcase name="testGetTotalCount_Empty" classname="com.app.quantitymeasurement.repository.QuantityMeasurementDatabaseRepositoryTest" time="0.009">
    <system-out><![CDATA[11:06:04.434 [main] INFO  c.a.q.u.ConnectionPool -- ConnectionPool initialised with 3 connections to jdbc:h2:mem:testdb_repo;DB_CLOSE_DELAY=-1;MODE=MySQL
11:06:04.436 [main] INFO  c.a.q.r.QuantityMeasurementDatabaseRepository -- Database schema initialised successfully
11:06:04.436 [main] INFO  c.a.q.r.QuantityMeasurementDatabaseRepository -- QuantityMeasurementDatabaseRepository initialised
11:06:04.436 [main] INFO  c.a.q.r.QuantityMeasurementDatabaseRepository -- All measurements deleted from database
11:06:04.437 [main] INFO  c.a.q.r.QuantityMeasurementDatabaseRepository -- All measurements deleted from database
11:06:04.437 [main] INFO  c.a.q.u.ConnectionPool -- ConnectionPool closed — all connections released
11:06:04.437 [main] INFO  c.a.q.r.QuantityMeasurementDatabaseRepository -- ConnectionPool resources released
11:06:04.437 [main] INFO  c.a.q.u.ConnectionPool -- ConnectionPool closed — all connections released
]]></system-out>
  </testcase>
</testsuite>