<?xml version="1.0" encoding="UTF-8"?>
<testsuite xmlns:xsi="http://www.w3.org/2001/XMLSchema-instance" xsi:noNamespaceSchemaLocation="https://maven.apache.org/surefire/maven-surefire-plugin/xsd/surefire-test-report-3.0.xsd" version="3.0" name="UtilityClasses.QuantityLengthTest" time="0.001" tests="11" errors="0" skipped="0" failures="0">
  <properties>
[...]
</properties>
  <testcase name="testEquality_NullUnit" classname="UtilityClasses.QuantityLengthTest" time="0.0"/>
  <testcase name="testEquality_SameReference" classname="UtilityClasses.QuantityLengthTest" time="0.0"/>
  <testcase name="testEquality_FeetToInch_EquivalentValue" classname="UtilityClasses.QuantityLengthTest" time="0.0"/>
  <testcase name="testEquality_InchToInch_DifferentValue" classname="UtilityClasses.QuantityLengthTest" time="0.0"/>
  <testcase name="testLegacyEquality_InchesClassToFeetClass" classname="UtilityClasses.QuantityLengthTest" time="0.0"/>
  <testcase name="testEquality_FeetToFeet_DifferentValue" classname="UtilityClasses.QuantityLengthTest" time="0.0"/>
  <testcase name="testLegacyEquality_FeetClassToQuantity" classname="UtilityClasses.QuantityLengthTest" time="0.0"/>
  <testcase name="testEquality_InchToFeet_EquivalentValue" classname="UtilityClasses.QuantityLengthTest" time="0.0"/>
  <testcase name="testEquality_FeetToFeet_SameValue" classname="UtilityClasses.QuantityLengthTest" time="0.0"/>
  <testcase name="testEquality_NullComparison" classname="UtilityClasses.QuantityLengthTest" time="0.0"/>
  <testcase name="testEquality_InchToInch_SameValue" classname="UtilityClasses.QuantityLengthTest" time="0.0"/>
</testsuite>