<?xml version="1.0" encoding="UTF-8"?>
<testsuite xmlns:xsi="http://www.w3.org/2001/XMLSchema-instance" xsi:noNamespaceSchemaLocation="https://maven.apache.org/surefire/maven-surefire-plugin/xsd/surefire-test-report-3.0.xsd" version="3.0" name="com.app.quantitymeasurement.controller.QuantityMeasurementControllerTest" time="2.108" tests="6" errors="0" skipped="0" failures="0">
  <properties>
[...]
</properties>
  <testcase name="testPerformDivision_DelegatestoService" classname="com.app.quantitymeasurement.controller.QuantityMeasurementControllerTest" time="1.971">
    <system-out><![CDATA[11:06:03.796 [main] INFO  c.a.q.c.QuantityMeasurementController -- QuantityMeasurementController initialised
11:06:03.841 [main] INFO  c.a.q.c.QuantityMeasurementController -- QuantityDTO(10.0, KILOGRAM) DIVIDE QuantityDTO(5.0, KILOGRAM) = 2.0
]]></system-out>
    <system-err><![CDATA[WARNING: A Java agent has been loaded dynamically (C:\Users\Ankit\.m2\repository\net\bytebuddy\byte-buddy-agent\1.14.4\byte-buddy-agent-1.14.4.jar)
WARNING: If a serviceability tool is in use, please run with -XX:+EnableDynamicAgentLoading to hide this warning
WARNING: If a serviceability tool is not in use, please run with -Djdk.instrument.traceUsage for more information
WARNING: Dynamic loading of agents will be disallowed by default in a future release
]]></system-err>
  </testcase>
  <testcase name="testPerformComparison_ErrorResult_Logged" classname="com.app.quantitymeasurement.controller.QuantityMeasurementControllerTest" time="0.042">
    <system-out><![CDATA[11:06:03.862 [main] INFO  c.a.q.c.QuantityMeasurementController -- QuantityMeasurementController initialised
11:06:03.863 [main] ERROR c.a.q.c.QuantityMeasurementController -- Operation failed: Cannot compare different categories
]]></system-out>
  </testcase>
  <testcase name="testPerformAddition_DelegatestoService" classname="com.app.quantitymeasurement.controller.QuantityMeasurementControllerTest" time="0.002">
    <system-out><![CDATA[11:06:03.866 [main] INFO  c.a.q.c.QuantityMeasurementController -- QuantityMeasurementController initialised
11:06:03.867 [main] INFO  c.a.q.c.QuantityMeasurementController -- QuantityDTO(1.0, KILOGRAM) ADD -> null
]]></system-out>
  </testcase>
  <testcase name="testPerformConversion_DelegatestoService" classname="com.app.quantitymeasurement.controller.QuantityMeasurementControllerTest" time="0.001">
    <system-out><![CDATA[11:06:03.875 [main] INFO  c.a.q.c.QuantityMeasurementController -- QuantityMeasurementController initialised
11:06:03.876 [main] INFO  c.a.q.c.QuantityMeasurementController -- QuantityDTO(1.0, FEET) CONVERT -> QuantityDTO(12.0, INCH)
]]></system-out>
  </testcase>
  <testcase name="testPerformComparison_DelegatestoService" classname="com.app.quantitymeasurement.controller.QuantityMeasurementControllerTest" time="0.004">
    <system-out><![CDATA[11:06:03.878 [main] INFO  c.a.q.c.QuantityMeasurementController -- QuantityMeasurementController initialised
11:06:03.879 [main] INFO  c.a.q.c.QuantityMeasurementController -- QuantityDTO(1.0, FEET) == QuantityDTO(12.0, INCH) -> true
]]></system-out>
  </testcase>
  <testcase name="testPerformSubtraction_DelegatestoService" classname="com.app.quantitymeasurement.controller.QuantityMeasurementControllerTest" time="0.002">
    <system-out><![CDATA[11:06:03.891 [main] INFO  c.a.q.c.QuantityMeasurementController -- QuantityMeasurementController initialised
11:06:03.892 [main] INFO  c.a.q.c.QuantityMeasurementController -- QuantityDTO(10.0, FEET) SUBTRACT -> null
]]></system-out>
  </testcase>
</testsuite>