<?xml version="1.0" encoding="UTF-8"?>
<testsuite xmlns:xsi="http://www.w3.org/2001/XMLSchema-instance" xsi:noNamespaceSchemaLocation="https://maven.apache.org/surefire/maven-surefire-plugin/xsd/surefire-test-report-3.0.xsd" version="3.0" name="com.app.quantitymeasurement.integrationTests.QuantityMeasurementIntegrationTest" time="0.168" tests="14" errors="0" skipped="0" failures="0">
  <properties>
[...]
</properties>
  <testcase name="testIntegration_DeleteAll_EmptiesDatabase" classname="com.app.quantitymeasurement.integrationTests.QuantityMeasurementIntegrationTest" time="0.007">
    <system-out><![CDATA[11:06:03.920 [main] INFO  c.a.q.i.QuantityMeasurementIntegrationTest -- ▶  RUNNING : testIntegration_DeleteAll_EmptiesDatabase
11:06:03.925 [main] INFO  c.a.q.u.ApplicationConfig -- application.properties loaded successfully
11:06:04.154 [main] INFO  c.a.q.u.ConnectionPool -- ConnectionPool initialised with 3 connections to jdbc:h2:mem:testdb_integration;DB_CLOSE_DELAY=-1;MODE=MySQL
11:06:04.171 [main] INFO  c.a.q.r.QuantityMeasurementDatabaseRepository -- Database schema initialised successfully
11:06:04.171 [main] INFO  c.a.q.r.QuantityMeasurementDatabaseRepository -- QuantityMeasurementDatabaseRepository initialised
11:06:04.172 [main] INFO  c.a.q.s.QuantityMeasurementServiceImpl -- QuantityMeasurementServiceImpl initialised with repository: QuantityMeasurementDatabaseRepository
11:06:04.172 [main] INFO  c.a.q.c.QuantityMeasurementController -- QuantityMeasurementController initialised
11:06:04.178 [main] INFO  c.a.q.r.QuantityMeasurementDatabaseRepository -- All measurements deleted from database
11:06:04.198 [main] INFO  c.a.q.r.QuantityMeasurementDatabaseRepository -- All measurements deleted from database
11:06:04.200 [main] INFO  c.a.q.r.QuantityMeasurementDatabaseRepository -- All measurements deleted from database
11:06:04.200 [main] INFO  c.a.q.u.ConnectionPool -- ConnectionPool closed — all connections released
11:06:04.200 [main] INFO  c.a.q.r.QuantityMeasurementDatabaseRepository -- ConnectionPool resources released
11:06:04.200 [main] INFO  c.a.q.u.ConnectionPool -- ConnectionPool closed — all connections released
11:06:04.201 [main] INFO  c.a.q.i.QuantityMeasurementIntegrationTest -- ✔  PASSED  : testIntegration_DeleteAll_EmptiesDatabase
]]></system-out>
  </testcase>
  <testcase name="testIntegration_DivideWeight" classname="com.app.quantitymeasurement.integrationTests.QuantityMeasurementIntegrationTest" time="0.016">
    <system-out><![CDATA[11:06:04.203 [main] INFO  c.a.q.i.QuantityMeasurementIntegrationTest -- ▶  RUNNING : testIntegration_DivideWeight
11:06:04.206 [main] INFO  c.a.q.u.ConnectionPool -- ConnectionPool initialised with 3 connections to jdbc:h2:mem:testdb_integration;DB_CLOSE_DELAY=-1;MODE=MySQL
11:06:04.207 [main] INFO  c.a.q.r.QuantityMeasurementDatabaseRepository -- Database schema initialised successfully
11:06:04.207 [main] INFO  c.a.q.r.QuantityMeasurementDatabaseRepository -- QuantityMeasurementDatabaseRepository initialised
11:06:04.207 [main] INFO  c.a.q.s.QuantityMeasurementServiceImpl -- QuantityMeasurementServiceImpl initialised with repository: QuantityMeasurementDatabaseRepository
11:06:04.207 [main] INFO  c.a.q.c.QuantityMeasurementController -- QuantityMeasurementController initialised
11:06:04.208 [main] INFO  c.a.q.r.QuantityMeasurementDatabaseRepository -- All measurements deleted from database
11:06:04.213 [main] INFO  c.a.q.r.QuantityMeasurementDatabaseRepository -- All measurements deleted from database
11:06:04.213 [main] INFO  c.a.q.u.ConnectionPool -- ConnectionPool closed — all connections released
11:06:04.213 [main] INFO  c.a.q.r.QuantityMeasurementDatabaseRepository -- ConnectionPool resources released
11:06:04.214 [main] INFO  c.a.q.u.ConnectionPool -- ConnectionPool closed — all connections released
11:06:04.214 [main] INFO  c.a.q.i.QuantityMeasurementIntegrationTest -- ✔  PASSED  : testIntegration_DivideWeight
]]></system-out>
  </testcase>
  <testcase name="testIntegration_CompareWeight_KgVsGram_Equal" classname="com.app.quantitymeasurement.integrationTests.QuantityMeasurementIntegrationTest" time="0.004">
    <system-out><![CDATA[11:06:04.215 [main] INFO  c.a.q.i.QuantityMeasurementIntegrationTest -- ▶  RUNNING : testIntegration_CompareWeight_KgVsGram_Equal
11:06:04.217 [main] INFO  c.a.q.u.ConnectionPool -- ConnectionPool initialised with 3 connections to jdbc:h2:mem:testdb_integration;DB_CLOSE_DELAY=-1;MODE=MySQL
11:06:04.218 [main] INFO  c.a.q.r.QuantityMeasurementDatabaseRepository -- Database schema initialised successfully
11:06:04.218 [main] INFO  c.a.q.r.QuantityMeasurementDatabaseRepository -- QuantityMeasurementDatabaseRepository initialised
11:06:04.218 [main] INFO  c.a.q.s.QuantityMeasurementServiceImpl -- QuantityMeasurementServiceImpl initialised with repository: QuantityMeasurementDatabaseRepository
11:06:04.218 [main] INFO  c.a.q.c.QuantityMeasurementController -- QuantityMeasurementController initialised
11:06:04.219 [main] INFO  c.a.q.r.QuantityMeasurementDatabaseRepository -- All measurements deleted from database
11:06:04.220 [main] INFO  c.a.q.r.QuantityMeasurementDatabaseRepository -- All measurements deleted from database
11:06:04.220 [main] INFO  c.a.q.u.ConnectionPool -- ConnectionPool closed — all connections released
11:06:04.220 [main] INFO  c.a.q.r.QuantityMeasurementDatabaseRepository -- ConnectionPool resources released
11:06:04.220 [main] INFO  c.a.q.u.ConnectionPool -- ConnectionPool closed — all connections released
11:06:04.220 [main] INFO  c.a.q.i.QuantityMeasurementIntegrationTest -- ✔  PASSED  : testIntegration_CompareWeight_KgVsGram_Equal
]]></system-out>
  </testcase>
  <testcase name="testIntegration_CacheRepository_WorksWithService" classname="com.app.quantitymeasurement.integrationTests.QuantityMeasurementIntegrationTest" time="0.015">
    <system-out><![CDATA[11:06:04.221 [main] INFO  c.a.q.i.QuantityMeasurementIntegrationTest -- ▶  RUNNING : testIntegration_CacheRepository_WorksWithService
11:06:04.222 [main] INFO  c.a.q.u.ConnectionPool -- ConnectionPool initialised with 3 connections to jdbc:h2:mem:testdb_integration;DB_CLOSE_DELAY=-1;MODE=MySQL
11:06:04.223 [main] INFO  c.a.q.r.QuantityMeasurementDatabaseRepository -- Database schema initialised successfully
11:06:04.223 [main] INFO  c.a.q.r.QuantityMeasurementDatabaseRepository -- QuantityMeasurementDatabaseRepository initialised
11:06:04.223 [main] INFO  c.a.q.s.QuantityMeasurementServiceImpl -- QuantityMeasurementServiceImpl initialised with repository: QuantityMeasurementDatabaseRepository
11:06:04.223 [main] INFO  c.a.q.c.QuantityMeasurementController -- QuantityMeasurementController initialised
11:06:04.223 [main] INFO  c.a.q.r.QuantityMeasurementDatabaseRepository -- All measurements deleted from database
11:06:04.225 [main] INFO  c.a.q.r.QuantityMeasurementCacheRepository -- QuantityMeasurementCacheRepository initialised
11:06:04.225 [main] INFO  c.a.q.r.QuantityMeasurementCacheRepository -- Cache cleared
11:06:04.225 [main] INFO  c.a.q.s.QuantityMeasurementServiceImpl -- QuantityMeasurementServiceImpl initialised with repository: QuantityMeasurementCacheRepository
11:06:04.225 [main] INFO  c.a.q.r.QuantityMeasurementCacheRepository -- Cache cleared
11:06:04.225 [main] INFO  c.a.q.r.QuantityMeasurementDatabaseRepository -- All measurements deleted from database
11:06:04.225 [main] INFO  c.a.q.u.ConnectionPool -- ConnectionPool closed — all connections released
11:06:04.225 [main] INFO  c.a.q.r.QuantityMeasurementDatabaseRepository -- ConnectionPool resources released
11:06:04.225 [main] INFO  c.a.q.u.ConnectionPool -- ConnectionPool closed — all connections released
11:06:04.225 [main] INFO  c.a.q.i.QuantityMeasurementIntegrationTest -- ✔  PASSED  : testIntegration_CacheRepository_WorksWithService
]]></system-out>
  </testcase>
  <testcase name="testIntegration_PoolStatistics" classname="com.app.quantitymeasurement.integrationTests.QuantityMeasurementIntegrationTest" time="0.008">
    <system-out><![CDATA[11:06:04.226 [main] INFO  c.a.q.i.QuantityMeasurementIntegrationTest -- ▶  RUNNING : testIntegration_PoolStatistics
11:06:04.228 [main] INFO  c.a.q.u.ConnectionPool -- ConnectionPool initialised with 3 connections to jdbc:h2:mem:testdb_integration;DB_CLOSE_DELAY=-1;MODE=MySQL
11:06:04.229 [main] INFO  c.a.q.r.QuantityMeasurementDatabaseRepository -- Database schema initialised successfully
11:06:04.229 [main] INFO  c.a.q.r.QuantityMeasurementDatabaseRepository -- QuantityMeasurementDatabaseRepository initialised
11:06:04.229 [main] INFO  c.a.q.s.QuantityMeasurementServiceImpl -- QuantityMeasurementServiceImpl initialised with repository: QuantityMeasurementDatabaseRepository
11:06:04.229 [main] INFO  c.a.q.c.QuantityMeasurementController -- QuantityMeasurementController initialised
11:06:04.229 [main] INFO  c.a.q.r.QuantityMeasurementDatabaseRepository -- All measurements deleted from database
11:06:04.236 [main] INFO  c.a.q.r.QuantityMeasurementDatabaseRepository -- All measurements deleted from database
11:06:04.237 [main] INFO  c.a.q.u.ConnectionPool -- ConnectionPool closed — all connections released
11:06:04.237 [main] INFO  c.a.q.r.QuantityMeasurementDatabaseRepository -- ConnectionPool resources released
11:06:04.237 [main] INFO  c.a.q.u.ConnectionPool -- ConnectionPool closed — all connections released
11:06:04.237 [main] INFO  c.a.q.i.QuantityMeasurementIntegrationTest -- ✔  PASSED  : testIntegration_PoolStatistics
]]></system-out>
  </testcase>
  <testcase name="testIntegration_CompareTemperature_CelsiusVsFahrenheit_Equal" classname="com.app.quantitymeasurement.integrationTests.QuantityMeasurementIntegrationTest" time="0.004">
    <system-out><![CDATA[11:06:04.237 [main] INFO  c.a.q.i.QuantityMeasurementIntegrationTest -- ▶  RUNNING : testIntegration_CompareTemperature_CelsiusVsFahrenheit_Equal
11:06:04.239 [main] INFO  c.a.q.u.ConnectionPool -- ConnectionPool initialised with 3 connections to jdbc:h2:mem:testdb_integration;DB_CLOSE_DELAY=-1;MODE=MySQL
11:06:04.239 [main] INFO  c.a.q.r.QuantityMeasurementDatabaseRepository -- Database schema initialised successfully
11:06:04.239 [main] INFO  c.a.q.r.QuantityMeasurementDatabaseRepository -- QuantityMeasurementDatabaseRepository initialised
11:06:04.239 [main] INFO  c.a.q.s.QuantityMeasurementServiceImpl -- QuantityMeasurementServiceImpl initialised with repository: QuantityMeasurementDatabaseRepository
11:06:04.239 [main] INFO  c.a.q.c.QuantityMeasurementController -- QuantityMeasurementController initialised
11:06:04.240 [main] INFO  c.a.q.r.QuantityMeasurementDatabaseRepository -- All measurements deleted from database
11:06:04.251 [main] INFO  c.a.q.r.QuantityMeasurementDatabaseRepository -- All measurements deleted from database
11:06:04.251 [main] INFO  c.a.q.u.ConnectionPool -- ConnectionPool closed — all connections released
11:06:04.251 [main] INFO  c.a.q.r.QuantityMeasurementDatabaseRepository -- ConnectionPool resources released
11:06:04.251 [main] INFO  c.a.q.u.ConnectionPool -- ConnectionPool closed — all connections released
11:06:04.251 [main] INFO  c.a.q.i.QuantityMeasurementIntegrationTest -- ✔  PASSED  : testIntegration_CompareTemperature_CelsiusVsFahrenheit_Equal
]]></system-out>
  </testcase>
  <testcase name="testIntegration_FilterByOperation" classname="com.app.quantitymeasurement.integrationTests.QuantityMeasurementIntegrationTest" time="0.007">
    <system-out><![CDATA[11:06:04.252 [main] INFO  c.a.q.i.QuantityMeasurementIntegrationTest -- ▶  RUNNING : testIntegration_FilterByOperation
11:06:04.253 [main] INFO  c.a.q.u.ConnectionPool -- ConnectionPool initialised with 3 connections to jdbc:h2:mem:testdb_integration;DB_CLOSE_DELAY=-1;MODE=MySQL
11:06:04.254 [main] INFO  c.a.q.r.QuantityMeasurementDatabaseRepository -- Database schema initialised successfully
11:06:04.254 [main] INFO  c.a.q.r.QuantityMeasurementDatabaseRepository -- QuantityMeasurementDatabaseRepository initialised
11:06:04.254 [main] INFO  c.a.q.s.QuantityMeasurementServiceImpl -- QuantityMeasurementServiceImpl initialised with repository: QuantityMeasurementDatabaseRepository
11:06:04.254 [main] INFO  c.a.q.c.QuantityMeasurementController -- QuantityMeasurementController initialised
11:06:04.254 [main] INFO  c.a.q.r.QuantityMeasurementDatabaseRepository -- All measurements deleted from database
11:06:04.264 [main] INFO  c.a.q.r.QuantityMeasurementDatabaseRepository -- All measurements deleted from database
11:06:04.264 [main] INFO  c.a.q.u.ConnectionPool -- ConnectionPool closed — all connections released
11:06:04.264 [main] INFO  c.a.q.r.QuantityMeasurementDatabaseRepository -- ConnectionPool resources released
11:06:04.264 [main] INFO  c.a.q.u.ConnectionPool -- ConnectionPool closed — all connections released
11:06:04.264 [main] INFO  c.a.q.i.QuantityMeasurementIntegrationTest -- ✔  PASSED  : testIntegration_FilterByOperation
]]></system-out>
  </testcase>
  <testcase name="testIntegration_MultipleOperations_AllPersisted" classname="com.app.quantitymeasurement.integrationTests.QuantityMeasurementIntegrationTest" time="0.003">
    <system-out><![CDATA[11:06:04.264 [main] INFO  c.a.q.i.QuantityMeasurementIntegrationTest -- ▶  RUNNING : testIntegration_MultipleOperations_AllPersisted
11:06:04.267 [main] INFO  c.a.q.u.ConnectionPool -- ConnectionPool initialised with 3 connections to jdbc:h2:mem:testdb_integration;DB_CLOSE_DELAY=-1;MODE=MySQL
11:06:04.269 [main] INFO  c.a.q.r.QuantityMeasurementDatabaseRepository -- Database schema initialised successfully
11:06:04.269 [main] INFO  c.a.q.r.QuantityMeasurementDatabaseRepository -- QuantityMeasurementDatabaseRepository initialised
11:06:04.269 [main] INFO  c.a.q.s.QuantityMeasurementServiceImpl -- QuantityMeasurementServiceImpl initialised with repository: QuantityMeasurementDatabaseRepository
11:06:04.269 [main] INFO  c.a.q.c.QuantityMeasurementController -- QuantityMeasurementController initialised
11:06:04.269 [main] INFO  c.a.q.r.QuantityMeasurementDatabaseRepository -- All measurements deleted from database
11:06:04.275 [main] INFO  c.a.q.r.QuantityMeasurementDatabaseRepository -- All measurements deleted from database
11:06:04.275 [main] INFO  c.a.q.u.ConnectionPool -- ConnectionPool closed — all connections released
11:06:04.276 [main] INFO  c.a.q.r.QuantityMeasurementDatabaseRepository -- ConnectionPool resources released
11:06:04.276 [main] INFO  c.a.q.u.ConnectionPool -- ConnectionPool closed — all connections released
11:06:04.276 [main] INFO  c.a.q.i.QuantityMeasurementIntegrationTest -- ✔  PASSED  : testIntegration_MultipleOperations_AllPersisted
]]></system-out>
  </testcase>
  <testcase name="testIntegration_CompareLength_FeetVsInch_Equal" classname="com.app.quantitymeasurement.integrationTests.QuantityMeasurementIntegrationTest" time="0.041">
    <system-out><![CDATA[11:06:04.277 [main] INFO  c.a.q.i.QuantityMeasurementIntegrationTest -- ▶  RUNNING : testIntegration_CompareLength_FeetVsInch_Equal
11:06:04.281 [main] INFO  c.a.q.u.ConnectionPool -- ConnectionPool initialised with 3 connections to jdbc:h2:mem:testdb_integration;DB_CLOSE_DELAY=-1;MODE=MySQL
11:06:04.282 [main] INFO  c.a.q.r.QuantityMeasurementDatabaseRepository -- Database schema initialised successfully
11:06:04.283 [main] INFO  c.a.q.r.QuantityMeasurementDatabaseRepository -- QuantityMeasurementDatabaseRepository initialised
11:06:04.283 [main] INFO  c.a.q.s.QuantityMeasurementServiceImpl -- QuantityMeasurementServiceImpl initialised with repository: QuantityMeasurementDatabaseRepository
11:06:04.283 [main] INFO  c.a.q.c.QuantityMeasurementController -- QuantityMeasurementController initialised
11:06:04.283 [main] INFO  c.a.q.r.QuantityMeasurementDatabaseRepository -- All measurements deleted from database
11:06:04.288 [main] INFO  c.a.q.r.QuantityMeasurementDatabaseRepository -- All measurements deleted from database
11:06:04.288 [main] INFO  c.a.q.u.ConnectionPool -- ConnectionPool closed — all connections released
11:06:04.289 [main] INFO  c.a.q.r.QuantityMeasurementDatabaseRepository -- ConnectionPool resources released
11:06:04.289 [main] INFO  c.a.q.u.ConnectionPool -- ConnectionPool closed — all connections released
11:06:04.291 [main] INFO  c.a.q.i.QuantityMeasurementIntegrationTest -- ✔  PASSED  : testIntegration_CompareLength_FeetVsInch_Equal
]]></system-out>
  </testcase>
  <testcase name="testIntegration_ConvertLength_FeetToInch" classname="com.app.quantitymeasurement.integrationTests.QuantityMeasurementIntegrationTest" time="0.003">
    <system-out><![CDATA[11:06:04.294 [main] INFO  c.a.q.i.QuantityMeasurementIntegrationTest -- ▶  RUNNING : testIntegration_ConvertLength_FeetToInch
11:06:04.298 [main] INFO  c.a.q.u.ConnectionPool -- ConnectionPool initialised with 3 connections to jdbc:h2:mem:testdb_integration;DB_CLOSE_DELAY=-1;MODE=MySQL
11:06:04.302 [main] INFO  c.a.q.r.QuantityMeasurementDatabaseRepository -- Database schema initialised successfully
11:06:04.302 [main] INFO  c.a.q.r.QuantityMeasurementDatabaseRepository -- QuantityMeasurementDatabaseRepository initialised
11:06:04.303 [main] INFO  c.a.q.s.QuantityMeasurementServiceImpl -- QuantityMeasurementServiceImpl initialised with repository: QuantityMeasurementDatabaseRepository
11:06:04.303 [main] INFO  c.a.q.c.QuantityMeasurementController -- QuantityMeasurementController initialised
11:06:04.303 [main] INFO  c.a.q.r.QuantityMeasurementDatabaseRepository -- All measurements deleted from database
11:06:04.305 [main] INFO  c.a.q.r.QuantityMeasurementDatabaseRepository -- All measurements deleted from database
11:06:04.305 [main] INFO  c.a.q.u.ConnectionPool -- ConnectionPool closed — all connections released
11:06:04.305 [main] INFO  c.a.q.r.QuantityMeasurementDatabaseRepository -- ConnectionPool resources released
11:06:04.305 [main] INFO  c.a.q.u.ConnectionPool -- ConnectionPool closed — all connections released
11:06:04.305 [main] INFO  c.a.q.i.QuantityMeasurementIntegrationTest -- ✔  PASSED  : testIntegration_ConvertLength_FeetToInch
]]></system-out>
  </testcase>
  <testcase name="testIntegration_FilterByType" classname="com.app.quantitymeasurement.integrationTests.QuantityMeasurementIntegrationTest" time="0.004">
    <system-out><![CDATA[11:06:04.306 [main] INFO  c.a.q.i.QuantityMeasurementIntegrationTest -- ▶  RUNNING : testIntegration_FilterByType
11:06:04.308 [main] INFO  c.a.q.u.ConnectionPool -- ConnectionPool initialised with 3 connections to jdbc:h2:mem:testdb_integration;DB_CLOSE_DELAY=-1;MODE=MySQL
11:06:04.309 [main] INFO  c.a.q.r.QuantityMeasurementDatabaseRepository -- Database schema initialised successfully
11:06:04.309 [main] INFO  c.a.q.r.QuantityMeasurementDatabaseRepository -- QuantityMeasurementDatabaseRepository initialised
11:06:04.309 [main] INFO  c.a.q.s.QuantityMeasurementServiceImpl -- QuantityMeasurementServiceImpl initialised with repository: QuantityMeasurementDatabaseRepository
11:06:04.309 [main] INFO  c.a.q.c.QuantityMeasurementController -- QuantityMeasurementController initialised
11:06:04.310 [main] INFO  c.a.q.r.QuantityMeasurementDatabaseRepository -- All measurements deleted from database
11:06:04.314 [main] INFO  c.a.q.r.QuantityMeasurementDatabaseRepository -- All measurements deleted from database
11:06:04.315 [main] INFO  c.a.q.u.ConnectionPool -- ConnectionPool closed — all connections released
11:06:04.315 [main] INFO  c.a.q.r.QuantityMeasurementDatabaseRepository -- ConnectionPool resources released
11:06:04.315 [main] INFO  c.a.q.u.ConnectionPool -- ConnectionPool closed — all connections released
11:06:04.315 [main] INFO  c.a.q.i.QuantityMeasurementIntegrationTest -- ✔  PASSED  : testIntegration_FilterByType
]]></system-out>
  </testcase>
  <testcase name="testIntegration_ConvertTemperature_CelsiusToFahrenheit" classname="com.app.quantitymeasurement.integrationTests.QuantityMeasurementIntegrationTest" time="0.017">
    <system-out><![CDATA[11:06:04.318 [main] INFO  c.a.q.i.QuantityMeasurementIntegrationTest -- ▶  RUNNING : testIntegration_ConvertTemperature_CelsiusToFahrenheit
11:06:04.321 [main] INFO  c.a.q.u.ConnectionPool -- ConnectionPool initialised with 3 connections to jdbc:h2:mem:testdb_integration;DB_CLOSE_DELAY=-1;MODE=MySQL
11:06:04.321 [main] INFO  c.a.q.r.QuantityMeasurementDatabaseRepository -- Database schema initialised successfully
11:06:04.321 [main] INFO  c.a.q.r.QuantityMeasurementDatabaseRepository -- QuantityMeasurementDatabaseRepository initialised
11:06:04.321 [main] INFO  c.a.q.s.QuantityMeasurementServiceImpl -- QuantityMeasurementServiceImpl initialised with repository: QuantityMeasurementDatabaseRepository
11:06:04.321 [main] INFO  c.a.q.c.QuantityMeasurementController -- QuantityMeasurementController initialised
11:06:04.322 [main] INFO  c.a.q.r.QuantityMeasurementDatabaseRepository -- All measurements deleted from database
11:06:04.324 [main] INFO  c.a.q.r.QuantityMeasurementDatabaseRepository -- All measurements deleted from database
11:06:04.325 [main] INFO  c.a.q.u.ConnectionPool -- ConnectionPool closed — all connections released
11:06:04.325 [main] INFO  c.a.q.r.QuantityMeasurementDatabaseRepository -- ConnectionPool resources released
11:06:04.325 [main] INFO  c.a.q.u.ConnectionPool -- ConnectionPool closed — all connections released
11:06:04.325 [main] INFO  c.a.q.i.QuantityMeasurementIntegrationTest -- ✔  PASSED  : testIntegration_ConvertTemperature_CelsiusToFahrenheit
]]></system-out>
  </testcase>
  <testcase name="testIntegration_CrossCategory_Compare_ReturnsError" classname="com.app.quantitymeasurement.integrationTests.QuantityMeasurementIntegrationTest" time="0.007">
    <system-out><![CDATA[11:06:04.326 [main] INFO  c.a.q.i.QuantityMeasurementIntegrationTest -- ▶  RUNNING : testIntegration_CrossCategory_Compare_ReturnsError
11:06:04.327 [main] INFO  c.a.q.u.ConnectionPool -- ConnectionPool initialised with 3 connections to jdbc:h2:mem:testdb_integration;DB_CLOSE_DELAY=-1;MODE=MySQL
11:06:04.329 [main] INFO  c.a.q.r.QuantityMeasurementDatabaseRepository -- Database schema initialised successfully
11:06:04.330 [main] INFO  c.a.q.r.QuantityMeasurementDatabaseRepository -- QuantityMeasurementDatabaseRepository initialised
11:06:04.330 [main] INFO  c.a.q.s.QuantityMeasurementServiceImpl -- QuantityMeasurementServiceImpl initialised with repository: QuantityMeasurementDatabaseRepository
11:06:04.333 [main] INFO  c.a.q.c.QuantityMeasurementController -- QuantityMeasurementController initialised
11:06:04.334 [main] INFO  c.a.q.r.QuantityMeasurementDatabaseRepository -- All measurements deleted from database
11:06:04.335 [main] ERROR c.a.q.s.QuantityMeasurementServiceImpl -- Compare failed: Cannot compare different measurement categories
11:06:04.337 [main] INFO  c.a.q.r.QuantityMeasurementDatabaseRepository -- All measurements deleted from database
11:06:04.337 [main] INFO  c.a.q.u.ConnectionPool -- ConnectionPool closed — all connections released
11:06:04.337 [main] INFO  c.a.q.r.QuantityMeasurementDatabaseRepository -- ConnectionPool resources released
11:06:04.337 [main] INFO  c.a.q.u.ConnectionPool -- ConnectionPool closed — all connections released
11:06:04.337 [main] INFO  c.a.q.i.QuantityMeasurementIntegrationTest -- ✔  PASSED  : testIntegration_CrossCategory_Compare_ReturnsError
]]></system-out>
  </testcase>
  <testcase name="testIntegration_AddLength_FeetPlusInch" classname="com.app.quantitymeasurement.integrationTests.QuantityMeasurementIntegrationTest" time="0.002">
    <system-out><![CDATA[11:06:04.338 [main] INFO  c.a.q.i.QuantityMeasurementIntegrationTest -- ▶  RUNNING : testIntegration_AddLength_FeetPlusInch
11:06:04.341 [main] INFO  c.a.q.u.ConnectionPool -- ConnectionPool initialised with 3 connections to jdbc:h2:mem:testdb_integration;DB_CLOSE_DELAY=-1;MODE=MySQL
11:06:04.342 [main] INFO  c.a.q.r.QuantityMeasurementDatabaseRepository -- Database schema initialised successfully
11:06:04.342 [main] INFO  c.a.q.r.QuantityMeasurementDatabaseRepository -- QuantityMeasurementDatabaseRepository initialised
11:06:04.343 [main] INFO  c.a.q.s.QuantityMeasurementServiceImpl -- QuantityMeasurementServiceImpl initialised with repository: QuantityMeasurementDatabaseRepository
11:06:04.343 [main] INFO  c.a.q.c.QuantityMeasurementController -- QuantityMeasurementController initialised
11:06:04.343 [main] INFO  c.a.q.r.QuantityMeasurementDatabaseRepository -- All measurements deleted from database
11:06:04.345 [main] INFO  c.a.q.r.QuantityMeasurementDatabaseRepository -- All measurements deleted from database
11:06:04.346 [main] INFO  c.a.q.u.ConnectionPool -- ConnectionPool closed — all connections released
11:06:04.346 [main] INFO  c.a.q.r.QuantityMeasurementDatabaseRepository -- ConnectionPool resources released
11:06:04.346 [main] INFO  c.a.q.u.ConnectionPool -- ConnectionPool closed — all connections released
11:06:04.346 [main] INFO  c.a.q.i.QuantityMeasurementIntegrationTest -- ✔  PASSED  : testIntegration_AddLength_FeetPlusInch
]]></system-out>
  </testcase>
</testsuite>