<?xml version="1.0" encoding="UTF-8"?>
<testsuite xmlns:xsi="http://www.w3.org/2001/XMLSchema-instance" xsi:noNamespaceSchemaLocation="https://maven.apache.org/surefire/maven-surefire-plugin/xsd/surefire-test-report-3.0.xsd" version="3.0" name="com.app.quantitymeasurement.QuantityMeasurementAppApplicationTests" time="14.773" tests="17" errors="0" skipped="0" failures="0">
  <properties>
[...]
</properties>
  <testcase name="testSubtract_2Feet_Minus1Foot_Returns1Foot" classname="com.app.quantitymeasurement.QuantityMeasurementAppApplicationTests" time="2.6">
    <system-out><![CDATA[11:13:02.423 [main] INFO  o.s.t.c.s.AnnotationConfigContextLoaderUtils -- Could not detect default configuration classes for test class [com.app.quantitymeasurement.QuantityMeasurementAppApplicationTests]: QuantityMeasurementAppApplicationTests does not declare any static, non-private, non-final, nested classes annotated with @Configuration.
11:13:02.586 [main] INFO  o.s.b.t.c.SpringBootTestContextBootstrapper -- Found @SpringBootConfiguration com.app.quantitymeasurement.QuantityMeasurementAppApplication for test class com.app.quantitymeasurement.QuantityMeasurementAppApplicationTests

  .   ____          _            __ _ _
 /\\ / ___'_ __ _ _(_)_ __  __ _ \ \ \ \
( ( )\___ | '_ | '_| | '_ \/ _` | \ \ \ \
 \\/  ___)| |_)| | | | | || (_| |  ) ) ) )
  '  |____| .__|_| |_|_| |_\__, | / / / /
 =========|_|==============|___/=/_/_/_/
 :: Spring Boot ::                (v3.2.3)

11:13:02.999 [background-preinit] INFO  o.h.v.i.u.Version -- HV000001: Hibernate Validator 8.0.1.Final
11:13:03.073 [main] INFO  c.a.q.QuantityMeasurementAppApplicationTests -- Starting QuantityMeasurementAppApplicationTests using Java 21.0.8 with PID 11696 (started by Ankit in C:\QuantityMeasurementApp)
11:13:03.074 [main] INFO  c.a.q.QuantityMeasurementAppApplicationTests -- No active profile set, falling back to 1 default profile: "default"
11:13:04.729 [main] INFO  o.s.d.r.c.RepositoryConfigurationDelegate -- Bootstrapping Spring Data JPA repositories in DEFAULT mode.
11:13:04.816 [main] INFO  o.s.d.r.c.RepositoryConfigurationDelegate -- Finished Spring Data repository scanning in 79 ms. Found 1 JPA repository interface.
11:13:06.149 [main] INFO  o.s.b.w.e.t.TomcatWebServer -- Tomcat initialized with port 0 (http)
11:13:06.168 [main] INFO  o.a.c.h.Http11NioProtocol -- Initializing ProtocolHandler ["http-nio-auto-1"]
11:13:06.170 [main] INFO  o.a.c.c.StandardService -- Starting service [Tomcat]
11:13:06.171 [main] INFO  o.a.c.c.StandardEngine -- Starting Servlet engine: [Apache Tomcat/10.1.19]
11:13:06.284 [main] INFO  o.a.c.c.C.[.[.[/] -- Initializing Spring embedded WebApplicationContext
11:13:06.286 [main] INFO  o.s.b.w.s.c.ServletWebServerApplicationContext -- Root WebApplicationContext: initialization completed in 3170 ms
11:13:06.753 [main] INFO  c.z.h.HikariDataSource -- HikariPool-1 - Starting...
11:13:07.075 [main] INFO  c.z.h.p.HikariPool -- HikariPool-1 - Added connection conn0: url=jdbc:h2:mem:ed0fa860-09f1-44eb-98d4-855de5e89134 user=SA
11:13:07.078 [main] INFO  c.z.h.HikariDataSource -- HikariPool-1 - Start completed.
11:13:07.155 [main] INFO  o.h.j.i.u.LogHelper -- HHH000204: Processing PersistenceUnitInfo [name: default]
11:13:07.301 [main] INFO  o.h.Version -- HHH000412: Hibernate ORM core version 6.4.4.Final
11:13:07.357 [main] INFO  o.h.c.i.RegionFactoryInitiator -- HHH000026: Second-level cache disabled
11:13:07.863 [main] INFO  o.s.o.j.p.SpringPersistenceUnitInfo -- No LoadTimeWeaver setup: ignoring JPA class transformer
11:13:09.167 [main] INFO  o.h.e.t.j.p.i.JtaPlatformInitiator -- HHH000489: No JTA platform available (set 'hibernate.transaction.jta.platform' to enable JTA platform integration)
11:13:09.219 [main] INFO  o.s.o.j.LocalContainerEntityManagerFactoryBean -- Initialized JPA EntityManagerFactory for persistence unit 'default'
11:13:09.852 [main] INFO  o.s.d.j.r.q.QueryEnhancerFactory -- Hibernate is in classpath; If applicable, HQL parser will be used.
11:13:10.755 [main] WARN  o.s.b.a.o.j.JpaBaseConfiguration$JpaWebConfiguration -- spring.jpa.open-in-view is enabled by default. Therefore, database queries may be performed during view rendering. Explicitly configure spring.jpa.open-in-view to disable this warning
11:13:10.805 [main] WARN  o.s.b.a.s.s.UserDetailsServiceAutoConfiguration -- 

Using generated security password: da64a759-7789-41d2-a0b5-56eca4ea7e72

This generated password is for development use only. Your security configuration must be updated before running your application in production.

11:13:11.560 [main] INFO  o.s.b.a.e.w.EndpointLinksResolver -- Exposing 1 endpoint(s) beneath base path '/actuator'
11:13:11.664 [main] INFO  o.s.s.w.DefaultSecurityFilterChain -- Will secure any request with [org.springframework.security.web.session.DisableEncodeUrlFilter@a29aced, org.springframework.security.web.context.request.async.WebAsyncManagerIntegrationFilter@113886b1, org.springframework.security.web.context.SecurityContextHolderFilter@4df4f611, org.springframework.security.web.header.HeaderWriterFilter@497746ea, org.springframework.web.filter.CorsFilter@741d2dda, org.springframework.security.web.authentication.logout.LogoutFilter@3ec72844, org.springframework.security.web.savedrequest.RequestCacheAwareFilter@6845dfcc, org.springframework.security.web.servletapi.SecurityContextHolderAwareRequestFilter@3e7e4aea, org.springframework.security.web.authentication.AnonymousAuthenticationFilter@67387eba, org.springframework.security.web.access.ExceptionTranslationFilter@5b3c2e59, org.springframework.security.web.access.intercept.AuthorizationFilter@120f441c]
11:13:12.553 [main] INFO  o.a.c.h.Http11NioProtocol -- Starting ProtocolHandler ["http-nio-auto-1"]
11:13:12.620 [main] INFO  o.s.b.w.e.t.TomcatWebServer -- Tomcat started on port 58440 (http) with context path ''
11:13:12.651 [main] INFO  c.a.q.QuantityMeasurementAppApplicationTests -- Started QuantityMeasurementAppApplicationTests in 9.891 seconds (process running for 11.6)
11:13:14.973 [http-nio-auto-1-exec-1] INFO  o.a.c.c.C.[.[.[/] -- Initializing Spring DispatcherServlet 'dispatcherServlet'
11:13:14.974 [http-nio-auto-1-exec-1] INFO  o.s.w.s.DispatcherServlet -- Initializing Servlet 'dispatcherServlet'
11:13:14.976 [http-nio-auto-1-exec-1] INFO  o.s.w.s.DispatcherServlet -- Completed initialization in 2 ms
11:13:15.202 [http-nio-auto-1-exec-1] INFO  c.a.q.c.QuantityMeasurementController -- POST /subtract called
11:13:15.301 [http-nio-auto-1-exec-1] INFO  c.a.q.s.QuantityMeasurementServiceImpl -- subtract: QuantityDTO(value=2.0, unit=FEET, measurementType=LengthUnit) - QuantityDTO(value=1.0, unit=FEET, measurementType=LengthUnit) = 1.0
]]></system-out>
    <system-err><![CDATA[WARNING: A Java agent has been loaded dynamically (C:\Users\Ankit\.m2\repository\net\bytebuddy\byte-buddy-agent\1.14.12\byte-buddy-agent-1.14.12.jar)
WARNING: If a serviceability tool is in use, please run with -XX:+EnableDynamicAgentLoading to hide this warning
WARNING: If a serviceability tool is not in use, please run with -Djdk.instrument.traceUsage for more information
WARNING: Dynamic loading of agents will be disallowed by default in a future release
]]></system-err>
  </testcase>
  <testcase name="testGetErrorHistory_AfterErrorOperation_ReturnsError" classname="com.app.quantitymeasurement.QuantityMeasurementAppApplicationTests" time="0.17">
    <system-out><![CDATA[11:13:15.593 [http-nio-auto-1-exec-2] INFO  c.a.q.c.QuantityMeasurementController -- POST /add called
11:13:15.594 [http-nio-auto-1-exec-2] ERROR c.a.q.s.QuantityMeasurementServiceImpl -- Add failed: add Error: Cannot perform arithmetic between different measurement categories: LengthUnit and WeightUnit
11:13:15.629 [http-nio-auto-1-exec-4] INFO  c.a.q.c.QuantityMeasurementController -- GET /history/errored
]]></system-out>
  </testcase>
  <testcase name="testCompare_NotEqualQuantities_ReturnsFalse" classname="com.app.quantitymeasurement.QuantityMeasurementAppApplicationTests" time="0.066">
    <system-out><![CDATA[11:13:15.736 [http-nio-auto-1-exec-3] INFO  c.a.q.c.QuantityMeasurementController -- POST /compare called
11:13:15.742 [http-nio-auto-1-exec-3] INFO  c.a.q.s.QuantityMeasurementServiceImpl -- compare: QuantityDTO(value=1.0, unit=FEET, measurementType=LengthUnit) == QuantityDTO(value=10.0, unit=INCH, measurementType=LengthUnit) -> false
]]></system-out>
  </testcase>
  <testcase name="testCompare_EqualQuantities_ReturnsTrue" classname="com.app.quantitymeasurement.QuantityMeasurementAppApplicationTests" time="0.104">
    <system-out><![CDATA[11:13:15.797 [http-nio-auto-1-exec-5] INFO  c.a.q.c.QuantityMeasurementController -- POST /compare called
11:13:15.801 [http-nio-auto-1-exec-5] INFO  c.a.q.s.QuantityMeasurementServiceImpl -- compare: QuantityDTO(value=1.0, unit=FEET, measurementType=LengthUnit) == QuantityDTO(value=12.0, unit=INCH, measurementType=LengthUnit) -> true
]]></system-out>
  </testcase>
  <testcase name="testGetHistoryByOperation_AfterCompare_ReturnsRecord" classname="com.app.quantitymeasurement.QuantityMeasurementAppApplicationTests" time="0.067">
    <system-out><![CDATA[11:13:15.888 [http-nio-auto-1-exec-6] INFO  c.a.q.c.QuantityMeasurementController -- POST /compare called
11:13:15.891 [http-nio-auto-1-exec-6] INFO  c.a.q.s.QuantityMeasurementServiceImpl -- compare: QuantityDTO(value=1.0, unit=FEET, measurementType=LengthUnit) == QuantityDTO(value=12.0, unit=INCH, measurementType=LengthUnit) -> true
11:13:15.907 [http-nio-auto-1-exec-7] INFO  c.a.q.c.QuantityMeasurementController -- GET /history/operation/compare
]]></system-out>
  </testcase>
  <testcase name="testCompare_DifferentTypes_Returns400" classname="com.app.quantitymeasurement.QuantityMeasurementAppApplicationTests" time="0.055">
    <system-out><![CDATA[11:13:15.982 [http-nio-auto-1-exec-8] INFO  c.a.q.c.QuantityMeasurementController -- POST /compare called
11:13:15.983 [http-nio-auto-1-exec-8] ERROR c.a.q.s.QuantityMeasurementServiceImpl -- Compare failed: compare Error: Cannot compare different measurement categories: LengthUnit and WeightUnit
]]></system-out>
  </testcase>
  <testcase name="testDivide_2Feet_By1Foot_Returns2" classname="com.app.quantitymeasurement.QuantityMeasurementAppApplicationTests" time="0.049">
    <system-out><![CDATA[11:13:16.033 [http-nio-auto-1-exec-9] INFO  c.a.q.c.QuantityMeasurementController -- POST /divide called
11:13:16.037 [http-nio-auto-1-exec-9] INFO  c.a.q.s.QuantityMeasurementServiceImpl -- divide: QuantityDTO(value=2.0, unit=FEET, measurementType=LengthUnit) / QuantityDTO(value=1.0, unit=FEET, measurementType=LengthUnit) = 2.0
]]></system-out>
  </testcase>
  <testcase name="testConvert_KilogramToGram_Returns1000" classname="com.app.quantitymeasurement.QuantityMeasurementAppApplicationTests" time="0.048">
    <system-out><![CDATA[11:13:16.082 [http-nio-auto-1-exec-10] INFO  c.a.q.c.QuantityMeasurementController -- POST /convert called
11:13:16.089 [http-nio-auto-1-exec-10] INFO  c.a.q.s.QuantityMeasurementServiceImpl -- convert: QuantityDTO(value=1.0, unit=KILOGRAM, measurementType=WeightUnit) -> GRAM = 1000.0
]]></system-out>
  </testcase>
  <testcase name="testAdd_DifferentTypes_Returns400" classname="com.app.quantitymeasurement.QuantityMeasurementAppApplicationTests" time="0.064">
    <system-out><![CDATA[11:13:16.142 [http-nio-auto-1-exec-1] INFO  c.a.q.c.QuantityMeasurementController -- POST /add called
11:13:16.142 [http-nio-auto-1-exec-1] ERROR c.a.q.s.QuantityMeasurementServiceImpl -- Add failed: add Error: Cannot perform arithmetic between different measurement categories: LengthUnit and WeightUnit
]]></system-out>
  </testcase>
  <testcase name="testGetHistoryByType_LengthUnit_ReturnsAllLengthRecords" classname="com.app.quantitymeasurement.QuantityMeasurementAppApplicationTests" time="0.123">
    <system-out><![CDATA[11:13:16.204 [http-nio-auto-1-exec-2] INFO  c.a.q.c.QuantityMeasurementController -- POST /compare called
11:13:16.209 [http-nio-auto-1-exec-2] INFO  c.a.q.s.QuantityMeasurementServiceImpl -- compare: QuantityDTO(value=1.0, unit=FEET, measurementType=LengthUnit) == QuantityDTO(value=12.0, unit=INCH, measurementType=LengthUnit) -> true
11:13:16.237 [http-nio-auto-1-exec-4] INFO  c.a.q.c.QuantityMeasurementController -- POST /add called
11:13:16.242 [http-nio-auto-1-exec-4] INFO  c.a.q.s.QuantityMeasurementServiceImpl -- add: QuantityDTO(value=1.0, unit=FEET, measurementType=LengthUnit) + QuantityDTO(value=12.0, unit=INCH, measurementType=LengthUnit) = 2.0
11:13:16.259 [http-nio-auto-1-exec-3] INFO  c.a.q.c.QuantityMeasurementController -- GET /history/type/LengthUnit
]]></system-out>
  </testcase>
  <testcase name="testActuatorHealth_ReturnsUp" classname="com.app.quantitymeasurement.QuantityMeasurementAppApplicationTests" time="0.143"/>
  <testcase name="testConvert_FeetToInches_Returns12" classname="com.app.quantitymeasurement.QuantityMeasurementAppApplicationTests" time="0.061">
    <system-out><![CDATA[11:13:16.484 [http-nio-auto-1-exec-6] INFO  c.a.q.c.QuantityMeasurementController -- POST /convert called
11:13:16.490 [http-nio-auto-1-exec-6] INFO  c.a.q.s.QuantityMeasurementServiceImpl -- convert: QuantityDTO(value=1.0, unit=FEET, measurementType=LengthUnit) -> INCH = 12.0
]]></system-out>
  </testcase>
  <testcase name="testAdd_FeetAndInches_Returns2Feet" classname="com.app.quantitymeasurement.QuantityMeasurementAppApplicationTests" time="0.045">
    <system-out><![CDATA[11:13:16.531 [http-nio-auto-1-exec-7] INFO  c.a.q.c.QuantityMeasurementController -- POST /add called
11:13:16.535 [http-nio-auto-1-exec-7] INFO  c.a.q.s.QuantityMeasurementServiceImpl -- add: QuantityDTO(value=1.0, unit=FEET, measurementType=LengthUnit) + QuantityDTO(value=12.0, unit=INCH, measurementType=LengthUnit) = 2.0
]]></system-out>
  </testcase>
  <testcase name="contextLoads" classname="com.app.quantitymeasurement.QuantityMeasurementAppApplicationTests" time="0.022"/>
  <testcase name="testDivide_ByZero_Returns400" classname="com.app.quantitymeasurement.QuantityMeasurementAppApplicationTests" time="0.049">
    <system-out><![CDATA[11:13:16.609 [http-nio-auto-1-exec-8] INFO  c.a.q.c.QuantityMeasurementController -- POST /divide called
11:13:16.610 [http-nio-auto-1-exec-8] ERROR c.a.q.s.QuantityMeasurementServiceImpl -- Divide unexpected error: Division by zero
]]></system-out>
  </testcase>
  <testcase name="testSwaggerUI_Loads" classname="com.app.quantitymeasurement.QuantityMeasurementAppApplicationTests" time="0.078"/>
  <testcase name="testGetOperationCount_AfterMultipleCompares" classname="com.app.quantitymeasurement.QuantityMeasurementAppApplicationTests" time="0.109">
    <system-out><![CDATA[11:13:16.732 [http-nio-auto-1-exec-10] INFO  c.a.q.c.QuantityMeasurementController -- POST /compare called
11:13:16.737 [http-nio-auto-1-exec-10] INFO  c.a.q.s.QuantityMeasurementServiceImpl -- compare: QuantityDTO(value=1.0, unit=FEET, measurementType=LengthUnit) == QuantityDTO(value=12.0, unit=INCH, measurementType=LengthUnit) -> true
11:13:16.764 [http-nio-auto-1-exec-1] INFO  c.a.q.c.QuantityMeasurementController -- POST /compare called
11:13:16.767 [http-nio-auto-1-exec-1] INFO  c.a.q.s.QuantityMeasurementServiceImpl -- compare: QuantityDTO(value=2.0, unit=FEET, measurementType=LengthUnit) == QuantityDTO(value=24.0, unit=INCH, measurementType=LengthUnit) -> true
11:13:16.782 [http-nio-auto-1-exec-2] INFO  c.a.q.c.QuantityMeasurementController -- GET /count/compare
]]></system-out>
  </testcase>
</testsuite>