<?xml version="1.0" encoding="UTF-8"?>
<testsuite xmlns:xsi="http://www.w3.org/2001/XMLSchema-instance" xsi:noNamespaceSchemaLocation="https://maven.apache.org/surefire/maven-surefire-plugin/xsd/surefire-test-report-3.0.xsd" version="3.0" name="com.app.quantitymeasurement.unit.QuantityTest" time="0.04" tests="16" errors="0" skipped="0" failures="0">
  <properties>
[...]
</properties>
  <testcase name="testInfiniteValueThrows" classname="com.app.quantitymeasurement.unit.QuantityTest" time="0.002">
    <system-out><![CDATA[11:06:04.627 [main] INFO  c.a.q.u.QuantityTest -- ▶  RUNNING : testInfiniteValueThrows
11:06:04.627 [main] INFO  c.a.q.u.QuantityTest -- ✔  PASSED  : testInfiniteValueThrows
]]></system-out>
  </testcase>
  <testcase name="testNullUnitThrows" classname="com.app.quantitymeasurement.unit.QuantityTest" time="0.002">
    <system-out><![CDATA[11:06:04.627 [main] INFO  c.a.q.u.QuantityTest -- ▶  RUNNING : testNullUnitThrows
11:06:04.627 [main] INFO  c.a.q.u.QuantityTest -- ✔  PASSED  : testNullUnitThrows
]]></system-out>
  </testcase>
  <testcase name="testVolumeConversion_LitreToMillilitre" classname="com.app.quantitymeasurement.unit.QuantityTest" time="0.002">
    <system-out><![CDATA[11:06:04.628 [main] INFO  c.a.q.u.QuantityTest -- ▶  RUNNING : testVolumeConversion_LitreToMillilitre
11:06:04.630 [main] INFO  c.a.q.u.QuantityTest -- ✔  PASSED  : testVolumeConversion_LitreToMillilitre
]]></system-out>
  </testcase>
  <testcase name="testLengthAddition" classname="com.app.quantitymeasurement.unit.QuantityTest" time="0.002">
    <system-out><![CDATA[11:06:04.632 [main] INFO  c.a.q.u.QuantityTest -- ▶  RUNNING : testLengthAddition
11:06:04.636 [main] INFO  c.a.q.u.QuantityTest -- ✔  PASSED  : testLengthAddition
]]></system-out>
  </testcase>
  <testcase name="testTemperatureConversion_CelsiusToFahrenheit" classname="com.app.quantitymeasurement.unit.QuantityTest" time="0.004">
    <system-out><![CDATA[11:06:04.638 [main] INFO  c.a.q.u.QuantityTest -- ▶  RUNNING : testTemperatureConversion_CelsiusToFahrenheit
11:06:04.639 [main] INFO  c.a.q.u.QuantityTest -- ✔  PASSED  : testTemperatureConversion_CelsiusToFahrenheit
]]></system-out>
  </testcase>
  <testcase name="testTemperatureEquality_CelsiusVsFahrenheit" classname="com.app.quantitymeasurement.unit.QuantityTest" time="0.002">
    <system-out><![CDATA[11:06:04.640 [main] INFO  c.a.q.u.QuantityTest -- ▶  RUNNING : testTemperatureEquality_CelsiusVsFahrenheit
11:06:04.640 [main] INFO  c.a.q.u.QuantityTest -- ✔  PASSED  : testTemperatureEquality_CelsiusVsFahrenheit
]]></system-out>
  </testcase>
  <testcase name="testWeightAddition" classname="com.app.quantitymeasurement.unit.QuantityTest" time="0.001">
    <system-out><![CDATA[11:06:04.641 [main] INFO  c.a.q.u.QuantityTest -- ▶  RUNNING : testWeightAddition
11:06:04.641 [main] INFO  c.a.q.u.QuantityTest -- ✔  PASSED  : testWeightAddition
]]></system-out>
  </testcase>
  <testcase name="testVolumeAddition_LitrePlusMillilitre" classname="com.app.quantitymeasurement.unit.QuantityTest" time="0.002">
    <system-out><![CDATA[11:06:04.641 [main] INFO  c.a.q.u.QuantityTest -- ▶  RUNNING : testVolumeAddition_LitrePlusMillilitre
11:06:04.642 [main] INFO  c.a.q.u.QuantityTest -- ✔  PASSED  : testVolumeAddition_LitrePlusMillilitre
]]></system-out>
  </testcase>
  <testcase name="testVolumeEquality_LitreToMillilitre" classname="com.app.quantitymeasurement.unit.QuantityTest" time="0.003">
    <system-out><![CDATA[11:06:04.642 [main] INFO  c.a.q.u.QuantityTest -- ▶  RUNNING : testVolumeEquality_LitreToMillilitre
11:06:04.642 [main] INFO  c.a.q.u.QuantityTest -- ✔  PASSED  : testVolumeEquality_LitreToMillilitre
]]></system-out>
  </testcase>
  <testcase name="testSubtraction_SameUnit_Length" classname="com.app.quantitymeasurement.unit.QuantityTest" time="0.002">
    <system-out><![CDATA[11:06:04.643 [main] INFO  c.a.q.u.QuantityTest -- ▶  RUNNING : testSubtraction_SameUnit_Length
11:06:04.644 [main] INFO  c.a.q.u.QuantityTest -- ✔  PASSED  : testSubtraction_SameUnit_Length
]]></system-out>
  </testcase>
  <testcase name="testCrossCategoryNotEqual" classname="com.app.quantitymeasurement.unit.QuantityTest" time="0.001">
    <system-out><![CDATA[11:06:04.644 [main] INFO  c.a.q.u.QuantityTest -- ▶  RUNNING : testCrossCategoryNotEqual
11:06:04.644 [main] INFO  c.a.q.u.QuantityTest -- ✔  PASSED  : testCrossCategoryNotEqual
]]></system-out>
  </testcase>
  <testcase name="testWeightConversion" classname="com.app.quantitymeasurement.unit.QuantityTest" time="0.002">
    <system-out><![CDATA[11:06:04.645 [main] INFO  c.a.q.u.QuantityTest -- ▶  RUNNING : testWeightConversion
11:06:04.645 [main] INFO  c.a.q.u.QuantityTest -- ✔  PASSED  : testWeightConversion
]]></system-out>
  </testcase>
  <testcase name="testLengthConversion" classname="com.app.quantitymeasurement.unit.QuantityTest" time="0.003">
    <system-out><![CDATA[11:06:04.645 [main] INFO  c.a.q.u.QuantityTest -- ▶  RUNNING : testLengthConversion
11:06:04.645 [main] INFO  c.a.q.u.QuantityTest -- ✔  PASSED  : testLengthConversion
]]></system-out>
  </testcase>
  <testcase name="testLengthEquality" classname="com.app.quantitymeasurement.unit.QuantityTest" time="0.002">
    <system-out><![CDATA[11:06:04.646 [main] INFO  c.a.q.u.QuantityTest -- ▶  RUNNING : testLengthEquality
11:06:04.646 [main] INFO  c.a.q.u.QuantityTest -- ✔  PASSED  : testLengthEquality
]]></system-out>
  </testcase>
  <testcase name="testSubtraction_CrossUnit" classname="com.app.quantitymeasurement.unit.QuantityTest" time="0.002">
    <system-out><![CDATA[11:06:04.646 [main] INFO  c.a.q.u.QuantityTest -- ▶  RUNNING : testSubtraction_CrossUnit
11:06:04.647 [main] INFO  c.a.q.u.QuantityTest -- ✔  PASSED  : testSubtraction_CrossUnit
]]></system-out>
  </testcase>
  <testcase name="testWeightEquality" classname="com.app.quantitymeasurement.unit.QuantityTest" time="0.002">
    <system-out><![CDATA[11:06:04.648 [main] INFO  c.a.q.u.QuantityTest -- ▶  RUNNING : testWeightEquality
11:06:04.650 [main] INFO  c.a.q.u.QuantityTest -- ✔  PASSED  : testWeightEquality
]]></system-out>
  </testcase>
</testsuite>