<?xml version="1.0" encoding="UTF-8"?>
<testsuite xmlns:xsi="http://www.w3.org/2001/XMLSchema-instance" xsi:noNamespaceSchemaLocation="https://maven.apache.org/surefire/maven-surefire-plugin/xsd/surefire-test-report-3.0.xsd" version="3.0" name="com.app.quantitymeasurement.QuantityMeasurementAppApplicationTests" time="15.432" tests="17" errors="0" skipped="0" failures="0">
  <properties>
[...]
</properties>
  <testcase name="testSubtract_2Feet_Minus1Foot_Returns1Foot" classname="com.app.quantitymeasurement.QuantityMeasurementAppApplicationTests" time="1.012">
    <system-out><![CDATA[10:58:38.204 [main] INFO  o.s.t.c.s.AnnotationConfigContextLoaderUtils -- Could not detect default configuration classes for test class [com.app.quantitymeasurement.QuantityMeasurementAppApplicationTests]: QuantityMeasurementAppApplicationTests does not declare any static, non-private, non-final, nested classes annotated with @Configuration.
10:58:38.221 [main] INFO  o.s.b.t.c.SpringBootTestContextBootstrapper -- Found @SpringBootConfiguration com.app.quantitymeasurement.QuantityMeasurementAppApplication for test class com.app.quantitymeasurement.QuantityMeasurementAppApplicationTests

  .   ____          _            __ _ _
 /\\ / ___'_ __ _ _(_)_ __  __ _ \ \ \ \
( ( )\___ | '_ | '_| | '_ \/ _` | \ \ \ \
 \\/  ___)| |_)| | | | | || (_| |  ) ) ) )
  '  |____| .__|_| |_|_| |_\__, | / / / /
 =========|_|==============|___/=/_/_/_/
 :: Spring Boot ::                (v3.2.3)

10:58:38.278 [main] INFO  c.a.q.QuantityMeasurementAppApplicationTests -- Starting QuantityMeasurementAppApplicationTests using Java 21.0.8 with PID 7280 (started by Ankit in C:\QuantityMeasurementApp)
10:58:38.278 [main] INFO  c.a.q.QuantityMeasurementAppApplicationTests -- No active profile set, falling back to 1 default profile: "default"
10:58:39.092 [main] INFO  o.s.d.r.c.RepositoryConfigurationDelegate -- Bootstrapping Spring Data JPA repositories in DEFAULT mode.
10:58:39.154 [main] INFO  o.s.d.r.c.RepositoryConfigurationDelegate -- Finished Spring Data repository scanning in 50 ms. Found 1 JPA repository interface.
10:58:40.061 [main] INFO  o.s.b.w.e.t.TomcatWebServer -- Tomcat initialized with port 0 (http)
10:58:40.086 [main] INFO  o.a.c.h.Http11NioProtocol -- Initializing ProtocolHandler ["http-nio-auto-1"]
10:58:40.091 [main] INFO  o.a.c.c.StandardService -- Starting service [Tomcat]
10:58:40.092 [main] INFO  o.a.c.c.StandardEngine -- Starting Servlet engine: [Apache Tomcat/10.1.19]
10:58:40.249 [main] INFO  o.a.c.c.C.[.[.[/] -- Initializing Spring embedded WebApplicationContext
10:58:40.250 [main] INFO  o.s.b.w.s.c.ServletWebServerApplicationContext -- Root WebApplicationContext: initialization completed in 1971 ms
10:58:41.193 [main] INFO  c.z.h.HikariDataSource -- HikariPool-1 - Starting...
10:58:41.887 [main] INFO  c.z.h.p.HikariPool -- HikariPool-1 - Added connection conn0: url=jdbc:h2:mem:8f311e13-1dc6-4e52-b6a2-4cd5010ab633 user=SA
10:58:41.893 [main] INFO  c.z.h.HikariDataSource -- HikariPool-1 - Start completed.
10:58:42.046 [main] INFO  o.h.j.i.u.LogHelper -- HHH000204: Processing PersistenceUnitInfo [name: default]
10:58:42.289 [main] INFO  o.h.Version -- HHH000412: Hibernate ORM core version 6.4.4.Final
10:58:42.429 [main] INFO  o.h.c.i.RegionFactoryInitiator -- HHH000026: Second-level cache disabled
10:58:43.017 [main] INFO  o.s.o.j.p.SpringPersistenceUnitInfo -- No LoadTimeWeaver setup: ignoring JPA class transformer
10:58:45.056 [main] INFO  o.h.e.t.j.p.i.JtaPlatformInitiator -- HHH000489: No JTA platform available (set 'hibernate.transaction.jta.platform' to enable JTA platform integration)
10:58:45.146 [main] INFO  o.s.o.j.LocalContainerEntityManagerFactoryBean -- Initialized JPA EntityManagerFactory for persistence unit 'default'
10:58:46.112 [main] INFO  o.s.d.j.r.q.QueryEnhancerFactory -- Hibernate is in classpath; If applicable, HQL parser will be used.
10:58:48.148 [main] WARN  o.s.b.a.o.j.JpaBaseConfiguration$JpaWebConfiguration -- spring.jpa.open-in-view is enabled by default. Therefore, database queries may be performed during view rendering. Explicitly configure spring.jpa.open-in-view to disable this warning
10:58:48.231 [main] WARN  o.s.b.a.s.s.UserDetailsServiceAutoConfiguration -- 

Using generated security password: 2a7d9339-06d9-49ac-9551-1c5444688dac

This generated password is for development use only. Your security configuration must be updated before running your application in production.

10:58:49.011 [main] INFO  o.s.b.a.e.w.EndpointLinksResolver -- Exposing 1 endpoint(s) beneath base path '/actuator'
10:58:49.139 [main] INFO  o.s.s.w.DefaultSecurityFilterChain -- Will secure any request with [org.springframework.security.web.session.DisableEncodeUrlFilter@60aee4ca, org.springframework.security.web.context.request.async.WebAsyncManagerIntegrationFilter@6a3a3b93, org.springframework.security.web.context.SecurityContextHolderFilter@3fbeaa03, org.springframework.security.web.header.HeaderWriterFilter@6c88026b, org.springframework.web.filter.CorsFilter@50f71f48, org.springframework.security.web.authentication.logout.LogoutFilter@5ffdea7c, org.springframework.security.web.savedrequest.RequestCacheAwareFilter@72f18fbd, org.springframework.security.web.servletapi.SecurityContextHolderAwareRequestFilter@1653cc95, org.springframework.security.web.authentication.AnonymousAuthenticationFilter@14270715, org.springframework.security.web.access.ExceptionTranslationFilter@38f2c6a0, org.springframework.security.web.access.intercept.AuthorizationFilter@1c32c581]
10:58:51.034 [main] INFO  o.a.c.h.Http11NioProtocol -- Starting ProtocolHandler ["http-nio-auto-1"]
10:58:51.142 [main] INFO  o.s.b.w.e.t.TomcatWebServer -- Tomcat started on port 62985 (http) with context path ''
10:58:51.193 [main] INFO  c.a.q.QuantityMeasurementAppApplicationTests -- Started QuantityMeasurementAppApplicationTests in 12.964 seconds (process running for 18.936)
10:58:52.096 [http-nio-auto-1-exec-1] INFO  o.a.c.c.C.[.[.[/] -- Initializing Spring DispatcherServlet 'dispatcherServlet'
10:58:52.097 [http-nio-auto-1-exec-1] INFO  o.s.w.s.DispatcherServlet -- Initializing Servlet 'dispatcherServlet'
10:58:52.099 [http-nio-auto-1-exec-1] INFO  o.s.w.s.DispatcherServlet -- Completed initialization in 2 ms
10:58:52.193 [http-nio-auto-1-exec-1] INFO  c.a.q.c.QuantityMeasurementController -- POST /subtract called
10:58:52.309 [http-nio-auto-1-exec-1] INFO  c.a.q.s.QuantityMeasurementServiceImpl -- subtract: QuantityDTO(value=2.0, unit=FEET, measurementType=LengthUnit) - QuantityDTO(value=1.0, unit=FEET, measurementType=LengthUnit) = 1.0
]]></system-out>
  </testcase>
  <testcase name="testGetErrorHistory_AfterErrorOperation_ReturnsError" classname="com.app.quantitymeasurement.QuantityMeasurementAppApplicationTests" time="0.251">
    <system-out><![CDATA[10:58:52.658 [http-nio-auto-1-exec-3] INFO  c.a.q.c.QuantityMeasurementController -- POST /add called
10:58:52.659 [http-nio-auto-1-exec-3] ERROR c.a.q.s.QuantityMeasurementServiceImpl -- Add failed: add Error: Cannot perform arithmetic between different measurement categories: LengthUnit and WeightUnit
10:58:52.695 [http-nio-auto-1-exec-2] INFO  c.a.q.c.QuantityMeasurementController -- GET /history/errored
]]></system-out>
  </testcase>
  <testcase name="testCompare_NotEqualQuantities_ReturnsFalse" classname="com.app.quantitymeasurement.QuantityMeasurementAppApplicationTests" time="0.057">
    <system-out><![CDATA[10:58:52.812 [http-nio-auto-1-exec-4] INFO  c.a.q.c.QuantityMeasurementController -- POST /compare called
10:58:52.819 [http-nio-auto-1-exec-4] INFO  c.a.q.s.QuantityMeasurementServiceImpl -- compare: QuantityDTO(value=1.0, unit=FEET, measurementType=LengthUnit) == QuantityDTO(value=10.0, unit=INCH, measurementType=LengthUnit) -> false
]]></system-out>
  </testcase>
  <testcase name="testCompare_EqualQuantities_ReturnsTrue" classname="com.app.quantitymeasurement.QuantityMeasurementAppApplicationTests" time="0.106">
    <system-out><![CDATA[10:58:52.872 [http-nio-auto-1-exec-6] INFO  c.a.q.c.QuantityMeasurementController -- POST /compare called
10:58:52.876 [http-nio-auto-1-exec-6] INFO  c.a.q.s.QuantityMeasurementServiceImpl -- compare: QuantityDTO(value=1.0, unit=FEET, measurementType=LengthUnit) == QuantityDTO(value=12.0, unit=INCH, measurementType=LengthUnit) -> true
]]></system-out>
  </testcase>
  <testcase name="testGetHistoryByOperation_AfterCompare_ReturnsRecord" classname="com.app.quantitymeasurement.QuantityMeasurementAppApplicationTests" time="0.096">
    <system-out><![CDATA[10:58:52.983 [http-nio-auto-1-exec-5] INFO  c.a.q.c.QuantityMeasurementController -- POST /compare called
10:58:52.989 [http-nio-auto-1-exec-5] INFO  c.a.q.s.QuantityMeasurementServiceImpl -- compare: QuantityDTO(value=1.0, unit=FEET, measurementType=LengthUnit) == QuantityDTO(value=12.0, unit=INCH, measurementType=LengthUnit) -> true
10:58:53.006 [http-nio-auto-1-exec-7] INFO  c.a.q.c.QuantityMeasurementController -- GET /history/operation/compare
]]></system-out>
  </testcase>
  <testcase name="testCompare_DifferentTypes_Returns400" classname="com.app.quantitymeasurement.QuantityMeasurementAppApplicationTests" time="0.036">
    <system-out><![CDATA[10:58:53.074 [http-nio-auto-1-exec-8] INFO  c.a.q.c.QuantityMeasurementController -- POST /compare called
10:58:53.075 [http-nio-auto-1-exec-8] ERROR c.a.q.s.QuantityMeasurementServiceImpl -- Compare failed: compare Error: Cannot compare different measurement categories: LengthUnit and WeightUnit
]]></system-out>
  </testcase>
  <testcase name="testDivide_2Feet_By1Foot_Returns2" classname="com.app.quantitymeasurement.QuantityMeasurementAppApplicationTests" time="0.035">
    <system-out><![CDATA[10:58:53.106 [http-nio-auto-1-exec-9] INFO  c.a.q.c.QuantityMeasurementController -- POST /divide called
10:58:53.111 [http-nio-auto-1-exec-9] INFO  c.a.q.s.QuantityMeasurementServiceImpl -- divide: QuantityDTO(value=2.0, unit=FEET, measurementType=LengthUnit) / QuantityDTO(value=1.0, unit=FEET, measurementType=LengthUnit) = 2.0
]]></system-out>
  </testcase>
  <testcase name="testConvert_KilogramToGram_Returns1000" classname="com.app.quantitymeasurement.QuantityMeasurementAppApplicationTests" time="0.039">
    <system-out><![CDATA[10:58:53.152 [http-nio-auto-1-exec-10] INFO  c.a.q.c.QuantityMeasurementController -- POST /convert called
10:58:53.156 [http-nio-auto-1-exec-10] INFO  c.a.q.s.QuantityMeasurementServiceImpl -- convert: QuantityDTO(value=1.0, unit=KILOGRAM, measurementType=WeightUnit) -> GRAM = 1000.0
]]></system-out>
  </testcase>
  <testcase name="testAdd_DifferentTypes_Returns400" classname="com.app.quantitymeasurement.QuantityMeasurementAppApplicationTests" time="0.049">
    <system-out><![CDATA[10:58:53.199 [http-nio-auto-1-exec-1] INFO  c.a.q.c.QuantityMeasurementController -- POST /add called
10:58:53.199 [http-nio-auto-1-exec-1] ERROR c.a.q.s.QuantityMeasurementServiceImpl -- Add failed: add Error: Cannot perform arithmetic between different measurement categories: LengthUnit and WeightUnit
]]></system-out>
  </testcase>
  <testcase name="testGetHistoryByType_LengthUnit_ReturnsAllLengthRecords" classname="com.app.quantitymeasurement.QuantityMeasurementAppApplicationTests" time="0.071">
    <system-out><![CDATA[10:58:53.239 [http-nio-auto-1-exec-3] INFO  c.a.q.c.QuantityMeasurementController -- POST /compare called
10:58:53.242 [http-nio-auto-1-exec-3] INFO  c.a.q.s.QuantityMeasurementServiceImpl -- compare: QuantityDTO(value=1.0, unit=FEET, measurementType=LengthUnit) == QuantityDTO(value=12.0, unit=INCH, measurementType=LengthUnit) -> true
10:58:53.259 [http-nio-auto-1-exec-2] INFO  c.a.q.c.QuantityMeasurementController -- POST /add called
10:58:53.263 [http-nio-auto-1-exec-2] INFO  c.a.q.s.QuantityMeasurementServiceImpl -- add: QuantityDTO(value=1.0, unit=FEET, measurementType=LengthUnit) + QuantityDTO(value=12.0, unit=INCH, measurementType=LengthUnit) = 2.0
10:58:53.275 [http-nio-auto-1-exec-4] INFO  c.a.q.c.QuantityMeasurementController -- GET /history/type/LengthUnit
]]></system-out>
  </testcase>
  <testcase name="testActuatorHealth_ReturnsUp" classname="com.app.quantitymeasurement.QuantityMeasurementAppApplicationTests" time="0.065"/>
  <testcase name="testConvert_FeetToInches_Returns12" classname="com.app.quantitymeasurement.QuantityMeasurementAppApplicationTests" time="0.038">
    <system-out><![CDATA[10:58:53.385 [http-nio-auto-1-exec-5] INFO  c.a.q.c.QuantityMeasurementController -- POST /convert called
10:58:53.388 [http-nio-auto-1-exec-5] INFO  c.a.q.s.QuantityMeasurementServiceImpl -- convert: QuantityDTO(value=1.0, unit=FEET, measurementType=LengthUnit) -> INCH = 12.0
]]></system-out>
  </testcase>
  <testcase name="testAdd_FeetAndInches_Returns2Feet" classname="com.app.quantitymeasurement.QuantityMeasurementAppApplicationTests" time="0.028">
    <system-out><![CDATA[10:58:53.415 [http-nio-auto-1-exec-7] INFO  c.a.q.c.QuantityMeasurementController -- POST /add called
10:58:53.419 [http-nio-auto-1-exec-7] INFO  c.a.q.s.QuantityMeasurementServiceImpl -- add: QuantityDTO(value=1.0, unit=FEET, measurementType=LengthUnit) + QuantityDTO(value=12.0, unit=INCH, measurementType=LengthUnit) = 2.0
]]></system-out>
  </testcase>
  <testcase name="contextLoads" classname="com.app.quantitymeasurement.QuantityMeasurementAppApplicationTests" time="0.011"/>
  <testcase name="testDivide_ByZero_Returns400" classname="com.app.quantitymeasurement.QuantityMeasurementAppApplicationTests" time="0.036">
    <system-out><![CDATA[10:58:53.463 [http-nio-auto-1-exec-8] INFO  c.a.q.c.QuantityMeasurementController -- POST /divide called
10:58:53.464 [http-nio-auto-1-exec-8] ERROR c.a.q.s.QuantityMeasurementServiceImpl -- Divide unexpected error: Division by zero
]]></system-out>
  </testcase>
  <testcase name="testSwaggerUI_Loads" classname="com.app.quantitymeasurement.QuantityMeasurementAppApplicationTests" time="0.051"/>
  <testcase name="testGetOperationCount_AfterMultipleCompares" classname="com.app.quantitymeasurement.QuantityMeasurementAppApplicationTests" time="0.098">
    <system-out><![CDATA[10:58:53.558 [http-nio-auto-1-exec-10] INFO  c.a.q.c.QuantityMeasurementController -- POST /compare called
10:58:53.562 [http-nio-auto-1-exec-10] INFO  c.a.q.s.QuantityMeasurementServiceImpl -- compare: QuantityDTO(value=1.0, unit=FEET, measurementType=LengthUnit) == QuantityDTO(value=12.0, unit=INCH, measurementType=LengthUnit) -> true
10:58:53.589 [http-nio-auto-1-exec-1] INFO  c.a.q.c.QuantityMeasurementController -- POST /compare called
10:58:53.593 [http-nio-auto-1-exec-1] INFO  c.a.q.s.QuantityMeasurementServiceImpl -- compare: QuantityDTO(value=2.0, unit=FEET, measurementType=LengthUnit) == QuantityDTO(value=24.0, unit=INCH, measurementType=LengthUnit) -> true
10:58:53.604 [http-nio-auto-1-exec-3] INFO  c.a.q.c.QuantityMeasurementController -- GET /count/compare
]]></system-out>
  </testcase>
</testsuite>