<?xml version="1.0" encoding="UTF-8"?>
<testsuite xmlns:xsi="http://www.w3.org/2001/XMLSchema-instance" xsi:noNamespaceSchemaLocation="https://maven.apache.org/surefire/maven-surefire-plugin/xsd/surefire-test-report-3.0.xsd" version="3.0" name="com.app.quantitymeasurement.service.QuantityMeasurementServiceTest" time="0.028" tests="10" errors="0" skipped="0" failures="0">
  <properties>
[...]
</properties>
  <testcase name="testConvert_CelsiusToFahrenheit" classname="com.app.quantitymeasurement.service.QuantityMeasurementServiceTest" time="0.003">
    <system-out><![CDATA[11:06:04.441 [main] INFO  c.a.q.s.QuantityMeasurementServiceTest -- ▶  RUNNING : testConvert_CelsiusToFahrenheit
11:06:04.550 [main] INFO  c.a.q.s.QuantityMeasurementServiceImpl -- QuantityMeasurementServiceImpl initialised with repository: IQuantityMeasurementRepository$MockitoMock$hFM68RzD
11:06:04.552 [main] INFO  c.a.q.s.QuantityMeasurementServiceTest -- ✔  PASSED  : testConvert_CelsiusToFahrenheit
]]></system-out>
  </testcase>
  <testcase name="testAdd_SameCategory" classname="com.app.quantitymeasurement.service.QuantityMeasurementServiceTest" time="0.002">
    <system-out><![CDATA[11:06:04.553 [main] INFO  c.a.q.s.QuantityMeasurementServiceTest -- ▶  RUNNING : testAdd_SameCategory
11:06:04.555 [main] INFO  c.a.q.s.QuantityMeasurementServiceImpl -- QuantityMeasurementServiceImpl initialised with repository: IQuantityMeasurementRepository$MockitoMock$hFM68RzD
11:06:04.556 [main] INFO  c.a.q.s.QuantityMeasurementServiceTest -- ✔  PASSED  : testAdd_SameCategory
]]></system-out>
  </testcase>
  <testcase name="testCompare_SameType_Equal" classname="com.app.quantitymeasurement.service.QuantityMeasurementServiceTest" time="0.002">
    <system-out><![CDATA[11:06:04.556 [main] INFO  c.a.q.s.QuantityMeasurementServiceTest -- ▶  RUNNING : testCompare_SameType_Equal
11:06:04.557 [main] INFO  c.a.q.s.QuantityMeasurementServiceImpl -- QuantityMeasurementServiceImpl initialised with repository: IQuantityMeasurementRepository$MockitoMock$hFM68RzD
11:06:04.571 [main] INFO  c.a.q.s.QuantityMeasurementServiceTest -- ✔  PASSED  : testCompare_SameType_Equal
]]></system-out>
  </testcase>
  <testcase name="testRepositoryIsAlwaysCalledOnError" classname="com.app.quantitymeasurement.service.QuantityMeasurementServiceTest" time="0.003">
    <system-out><![CDATA[11:06:04.573 [main] INFO  c.a.q.s.QuantityMeasurementServiceTest -- ▶  RUNNING : testRepositoryIsAlwaysCalledOnError
11:06:04.573 [main] INFO  c.a.q.s.QuantityMeasurementServiceImpl -- QuantityMeasurementServiceImpl initialised with repository: IQuantityMeasurementRepository$MockitoMock$hFM68RzD
11:06:04.573 [main] ERROR c.a.q.s.QuantityMeasurementServiceImpl -- Compare failed: Cannot compare different measurement categories
11:06:04.574 [main] INFO  c.a.q.s.QuantityMeasurementServiceTest -- ✔  PASSED  : testRepositoryIsAlwaysCalledOnError
]]></system-out>
  </testcase>
  <testcase name="testSubtract_SameCategory" classname="com.app.quantitymeasurement.service.QuantityMeasurementServiceTest" time="0.003">
    <system-out><![CDATA[11:06:04.576 [main] INFO  c.a.q.s.QuantityMeasurementServiceTest -- ▶  RUNNING : testSubtract_SameCategory
11:06:04.577 [main] INFO  c.a.q.s.QuantityMeasurementServiceImpl -- QuantityMeasurementServiceImpl initialised with repository: IQuantityMeasurementRepository$MockitoMock$hFM68RzD
11:06:04.584 [main] INFO  c.a.q.s.QuantityMeasurementServiceTest -- ✔  PASSED  : testSubtract_SameCategory
]]></system-out>
  </testcase>
  <testcase name="testConvert_FeetToInch" classname="com.app.quantitymeasurement.service.QuantityMeasurementServiceTest" time="0.002">
    <system-out><![CDATA[11:06:04.585 [main] INFO  c.a.q.s.QuantityMeasurementServiceTest -- ▶  RUNNING : testConvert_FeetToInch
11:06:04.586 [main] INFO  c.a.q.s.QuantityMeasurementServiceImpl -- QuantityMeasurementServiceImpl initialised with repository: IQuantityMeasurementRepository$MockitoMock$hFM68RzD
11:06:04.587 [main] INFO  c.a.q.s.QuantityMeasurementServiceTest -- ✔  PASSED  : testConvert_FeetToInch
]]></system-out>
  </testcase>
  <testcase name="testAdd_DifferentCategory_ReturnsError" classname="com.app.quantitymeasurement.service.QuantityMeasurementServiceTest" time="0.004">
    <system-out><![CDATA[11:06:04.587 [main] INFO  c.a.q.s.QuantityMeasurementServiceTest -- ▶  RUNNING : testAdd_DifferentCategory_ReturnsError
11:06:04.588 [main] INFO  c.a.q.s.QuantityMeasurementServiceImpl -- QuantityMeasurementServiceImpl initialised with repository: IQuantityMeasurementRepository$MockitoMock$hFM68RzD
11:06:04.588 [main] ERROR c.a.q.s.QuantityMeasurementServiceImpl -- Add failed: Cannot add different measurement categories
11:06:04.589 [main] INFO  c.a.q.s.QuantityMeasurementServiceTest -- ✔  PASSED  : testAdd_DifferentCategory_ReturnsError
]]></system-out>
  </testcase>
  <testcase name="testCompare_DifferentType_ReturnsError" classname="com.app.quantitymeasurement.service.QuantityMeasurementServiceTest" time="0.003">
    <system-out><![CDATA[11:06:04.590 [main] INFO  c.a.q.s.QuantityMeasurementServiceTest -- ▶  RUNNING : testCompare_DifferentType_ReturnsError
11:06:04.592 [main] INFO  c.a.q.s.QuantityMeasurementServiceImpl -- QuantityMeasurementServiceImpl initialised with repository: IQuantityMeasurementRepository$MockitoMock$hFM68RzD
11:06:04.594 [main] ERROR c.a.q.s.QuantityMeasurementServiceImpl -- Compare failed: Cannot compare different measurement categories
11:06:04.605 [main] INFO  c.a.q.s.QuantityMeasurementServiceTest -- ✔  PASSED  : testCompare_DifferentType_ReturnsError
]]></system-out>
  </testcase>
  <testcase name="testDivide_DifferentCategory_ReturnsError" classname="com.app.quantitymeasurement.service.QuantityMeasurementServiceTest" time="0.001">
    <system-out><![CDATA[11:06:04.608 [main] INFO  c.a.q.s.QuantityMeasurementServiceTest -- ▶  RUNNING : testDivide_DifferentCategory_ReturnsError
11:06:04.609 [main] INFO  c.a.q.s.QuantityMeasurementServiceImpl -- QuantityMeasurementServiceImpl initialised with repository: IQuantityMeasurementRepository$MockitoMock$hFM68RzD
11:06:04.610 [main] ERROR c.a.q.s.QuantityMeasurementServiceImpl -- Divide failed: Cannot divide different measurement categories
11:06:04.610 [main] INFO  c.a.q.s.QuantityMeasurementServiceTest -- ✔  PASSED  : testDivide_DifferentCategory_ReturnsError
]]></system-out>
  </testcase>
  <testcase name="testDivide_SameCategory" classname="com.app.quantitymeasurement.service.QuantityMeasurementServiceTest" time="0.003">
    <system-out><![CDATA[11:06:04.611 [main] INFO  c.a.q.s.QuantityMeasurementServiceTest -- ▶  RUNNING : testDivide_SameCategory
11:06:04.611 [main] INFO  c.a.q.s.QuantityMeasurementServiceImpl -- QuantityMeasurementServiceImpl initialised with repository: IQuantityMeasurementRepository$MockitoMock$hFM68RzD
11:06:04.611 [main] INFO  c.a.q.s.QuantityMeasurementServiceTest -- ✔  PASSED  : testDivide_SameCategory
]]></system-out>
  </testcase>
</testsuite>